<?xml version="1.0" encoding="utf-8"?>
<report xmlns:xsi="http://www.w3.org/2001/XMLSchema-instance" xmlns:xsd="http://www.w3.org/2001/XMLSchema" xmlns="http://www.gallio.org/">
  <testPackageConfig>
    <assemblyFiles>
      <assemblyFile>D:\andyk\documents\visual-studio\Projects\Ak.Net.Dns\Ak.Net.Dns.Test\bin\Debug\Ak.Net.Dns.Test.dll</assemblyFile>
    </assemblyFiles>
    <hintDirectories />
    <excludedFrameworkIds />
    <hostSetup enableShadowCopy="false" configurationFileLocation="appBase" processorArchitecture="None">
      <configuration legacyUnhandledExceptionPolicyEnabled="true" assertUiEnabled="false" remotingCustomErrorsEnabled="false">
        <assemblyQualifications />
        <assemblyDependencies />
        <supportedRuntimeVersions />
      </configuration>
    </hostSetup>
  </testPackageConfig>
  <testModel>
    <test id="c2722843734a7a54" name="Root" fullName="" isTestCase="false">
      <codeReference />
      <codeLocation />
      <metadata>
        <entry key="TestKind">
          <value>Root</value>
        </entry>
      </metadata>
      <children>
        <test id="e9ba7b32f33cfad8" name="MbUnit v3.0.5.546" fullName="MbUnit v3.0.5.546" isTestCase="false">
          <codeReference />
          <codeLocation />
          <metadata>
            <entry key="TestKind">
              <value>Framework</value>
            </entry>
          </metadata>
          <children>
            <test id="3aa4d427857484c" name="Ak.Net.Dns.Test" fullName="MbUnit v3.0.5.546/Ak.Net.Dns.Test" isTestCase="false">
              <codeReference assembly="Ak.Net.Dns.Test, Version=1.0.0.0, Culture=neutral, PublicKeyToken=null" />
              <codeLocation path="D:\andyk\documents\visual-studio\Projects\Ak.Net.Dns\Ak.Net.Dns.Test\bin\Debug\Ak.Net.Dns.Test.DLL" />
              <metadata>
                <entry key="TestKind">
                  <value>Assembly</value>
                </entry>
                <entry key="CodeBase">
                  <value>D:\andyk\documents\visual-studio\Projects\Ak.Net.Dns\Ak.Net.Dns.Test\bin\Debug\Ak.Net.Dns.Test.DLL</value>
                </entry>
                <entry key="Company">
                  <value>Andy Kernahan</value>
                </entry>
                <entry key="Copyright">
                  <value>Copyright © Andy Kernahan 2008</value>
                </entry>
                <entry key="Description">
                  <value>Unit Tests for Domain Name System Library for .NET 3.5</value>
                </entry>
                <entry key="FileVersion">
                  <value>1.0.0.0</value>
                </entry>
                <entry key="Product">
                  <value>Ak.Net.Dns.Test</value>
                </entry>
                <entry key="Title">
                  <value>Unit Tests for DNS for .NET 3.5</value>
                </entry>
                <entry key="Trademark">
                  <value>Andy Kernahan</value>
                </entry>
                <entry key="Version">
                  <value>1.0.0.0</value>
                </entry>
              </metadata>
              <children>
                <test id="c09a9da6937be05f" name="DnsTransportExceptionTest" fullName="MbUnit v3.0.5.546/Ak.Net.Dns.Test/DnsTransportExceptionTest" isTestCase="false">
                  <codeReference assembly="Ak.Net.Dns.Test, Version=1.0.0.0, Culture=neutral, PublicKeyToken=null" namespace="Ak.Net.Dns.Test" type="Ak.Net.Dns.Test.DnsTransportExceptionTest" />
                  <codeLocation path="D:\andyk\documents\visual-studio\Projects\Ak.Net.Dns\Ak.Net.Dns.Test\bin\Debug\Ak.Net.Dns.Test.DLL" />
                  <metadata>
                    <entry key="TestKind">
                      <value>Fixture</value>
                    </entry>
                    <entry key="TestsOn">
                      <value>Ak.Net.Dns.DnsTransportException, Ak.Net.Dns, Version=1.0.0.0, Culture=neutral, PublicKeyToken=05236629ed6a9b9e</value>
                    </entry>
                  </metadata>
                  <children>
                    <test id="439c4513721f46a2" name="ExceptionContract" fullName="MbUnit v3.0.5.546/Ak.Net.Dns.Test/DnsTransportExceptionTest/ExceptionContract" isTestCase="false">
                      <codeReference />
                      <codeLocation />
                      <metadata>
                        <entry key="TestKind">
                          <value>Group</value>
                        </entry>
                      </metadata>
                      <children>
                        <test id="1260d689b625479" name="HasSerializableAttribute" fullName="MbUnit v3.0.5.546/Ak.Net.Dns.Test/DnsTransportExceptionTest/ExceptionContract/HasSerializableAttribute" isTestCase="true">
                          <codeReference />
                          <codeLocation />
                          <metadata>
                            <entry key="TestKind">
                              <value>Test</value>
                            </entry>
                          </metadata>
                          <children />
                          <parameters />
                        </test>
                        <test id="bf02b337124b9641" name="HasSerializationConstructor" fullName="MbUnit v3.0.5.546/Ak.Net.Dns.Test/DnsTransportExceptionTest/ExceptionContract/HasSerializationConstructor" isTestCase="true">
                          <codeReference />
                          <codeLocation />
                          <metadata>
                            <entry key="TestKind">
                              <value>Test</value>
                            </entry>
                          </metadata>
                          <children />
                          <parameters />
                        </test>
                        <test id="56bb379adbc08141" name="IsDefaultConstructorWellDefined" fullName="MbUnit v3.0.5.546/Ak.Net.Dns.Test/DnsTransportExceptionTest/ExceptionContract/IsDefaultConstructorWellDefined" isTestCase="true">
                          <codeReference />
                          <codeLocation />
                          <metadata>
                            <entry key="TestKind">
                              <value>Test</value>
                            </entry>
                          </metadata>
                          <children />
                          <parameters />
                        </test>
                        <test id="fcdf799f6864b4e0" name="IsMessageConstructorWellDefined" fullName="MbUnit v3.0.5.546/Ak.Net.Dns.Test/DnsTransportExceptionTest/ExceptionContract/IsMessageConstructorWellDefined" isTestCase="true">
                          <codeReference />
                          <codeLocation />
                          <metadata>
                            <entry key="TestKind">
                              <value>Test</value>
                            </entry>
                          </metadata>
                          <children />
                          <parameters />
                        </test>
                        <test id="a34aa0acf911b510" name="IsMessageAndInnerExceptionConstructorWellDefined" fullName="MbUnit v3.0.5.546/Ak.Net.Dns.Test/DnsTransportExceptionTest/ExceptionContract/IsMessageAndInnerExceptionConstructorWellDefined" isTestCase="true">
                          <codeReference />
                          <codeLocation />
                          <metadata>
                            <entry key="TestKind">
                              <value>Test</value>
                            </entry>
                          </metadata>
                          <children />
                          <parameters />
                        </test>
                      </children>
                      <parameters />
                    </test>
                  </children>
                  <parameters />
                </test>
                <test id="c946d49a940c2ad9" name="DnsResolutionExceptionTest" fullName="MbUnit v3.0.5.546/Ak.Net.Dns.Test/DnsResolutionExceptionTest" isTestCase="false">
                  <codeReference assembly="Ak.Net.Dns.Test, Version=1.0.0.0, Culture=neutral, PublicKeyToken=null" namespace="Ak.Net.Dns.Test" type="Ak.Net.Dns.Test.DnsResolutionExceptionTest" />
                  <codeLocation path="D:\andyk\documents\visual-studio\Projects\Ak.Net.Dns\Ak.Net.Dns.Test\bin\Debug\Ak.Net.Dns.Test.DLL" />
                  <metadata>
                    <entry key="TestKind">
                      <value>Fixture</value>
                    </entry>
                    <entry key="TestsOn">
                      <value>Ak.Net.Dns.DnsResolutionException, Ak.Net.Dns, Version=1.0.0.0, Culture=neutral, PublicKeyToken=05236629ed6a9b9e</value>
                    </entry>
                  </metadata>
                  <children>
                    <test id="1e331fc307ad9b63" name="ExceptionContract" fullName="MbUnit v3.0.5.546/Ak.Net.Dns.Test/DnsResolutionExceptionTest/ExceptionContract" isTestCase="false">
                      <codeReference />
                      <codeLocation />
                      <metadata>
                        <entry key="TestKind">
                          <value>Group</value>
                        </entry>
                      </metadata>
                      <children>
                        <test id="5857d85b09374363" name="HasSerializableAttribute" fullName="MbUnit v3.0.5.546/Ak.Net.Dns.Test/DnsResolutionExceptionTest/ExceptionContract/HasSerializableAttribute" isTestCase="true">
                          <codeReference />
                          <codeLocation />
                          <metadata>
                            <entry key="TestKind">
                              <value>Test</value>
                            </entry>
                          </metadata>
                          <children />
                          <parameters />
                        </test>
                        <test id="eaa743b6b98162eb" name="HasSerializationConstructor" fullName="MbUnit v3.0.5.546/Ak.Net.Dns.Test/DnsResolutionExceptionTest/ExceptionContract/HasSerializationConstructor" isTestCase="true">
                          <codeReference />
                          <codeLocation />
                          <metadata>
                            <entry key="TestKind">
                              <value>Test</value>
                            </entry>
                          </metadata>
                          <children />
                          <parameters />
                        </test>
                        <test id="d3968ce6e017045" name="IsDefaultConstructorWellDefined" fullName="MbUnit v3.0.5.546/Ak.Net.Dns.Test/DnsResolutionExceptionTest/ExceptionContract/IsDefaultConstructorWellDefined" isTestCase="true">
                          <codeReference />
                          <codeLocation />
                          <metadata>
                            <entry key="TestKind">
                              <value>Test</value>
                            </entry>
                          </metadata>
                          <children />
                          <parameters />
                        </test>
                        <test id="232a6f699564d021" name="IsMessageConstructorWellDefined" fullName="MbUnit v3.0.5.546/Ak.Net.Dns.Test/DnsResolutionExceptionTest/ExceptionContract/IsMessageConstructorWellDefined" isTestCase="true">
                          <codeReference />
                          <codeLocation />
                          <metadata>
                            <entry key="TestKind">
                              <value>Test</value>
                            </entry>
                          </metadata>
                          <children />
                          <parameters />
                        </test>
                        <test id="d01e849970fbacb3" name="IsMessageAndInnerExceptionConstructorWellDefined" fullName="MbUnit v3.0.5.546/Ak.Net.Dns.Test/DnsResolutionExceptionTest/ExceptionContract/IsMessageAndInnerExceptionConstructorWellDefined" isTestCase="true">
                          <codeReference />
                          <codeLocation />
                          <metadata>
                            <entry key="TestKind">
                              <value>Test</value>
                            </entry>
                          </metadata>
                          <children />
                          <parameters />
                        </test>
                      </children>
                      <parameters />
                    </test>
                  </children>
                  <parameters />
                </test>
                <test id="baeba53598a8bb1a" name="DnsExceptionTest" fullName="MbUnit v3.0.5.546/Ak.Net.Dns.Test/DnsExceptionTest" isTestCase="false">
                  <codeReference assembly="Ak.Net.Dns.Test, Version=1.0.0.0, Culture=neutral, PublicKeyToken=null" namespace="Ak.Net.Dns.Test" type="Ak.Net.Dns.Test.DnsExceptionTest" />
                  <codeLocation path="D:\andyk\documents\visual-studio\Projects\Ak.Net.Dns\Ak.Net.Dns.Test\bin\Debug\Ak.Net.Dns.Test.DLL" />
                  <metadata>
                    <entry key="TestKind">
                      <value>Fixture</value>
                    </entry>
                    <entry key="TestsOn">
                      <value>Ak.Net.Dns.DnsException, Ak.Net.Dns, Version=1.0.0.0, Culture=neutral, PublicKeyToken=05236629ed6a9b9e</value>
                    </entry>
                  </metadata>
                  <children>
                    <test id="400e27dba3088f5" name="ExceptionContract" fullName="MbUnit v3.0.5.546/Ak.Net.Dns.Test/DnsExceptionTest/ExceptionContract" isTestCase="false">
                      <codeReference />
                      <codeLocation />
                      <metadata>
                        <entry key="TestKind">
                          <value>Group</value>
                        </entry>
                      </metadata>
                      <children>
                        <test id="ca97e9ae59fd647a" name="HasSerializableAttribute" fullName="MbUnit v3.0.5.546/Ak.Net.Dns.Test/DnsExceptionTest/ExceptionContract/HasSerializableAttribute" isTestCase="true">
                          <codeReference />
                          <codeLocation />
                          <metadata>
                            <entry key="TestKind">
                              <value>Test</value>
                            </entry>
                          </metadata>
                          <children />
                          <parameters />
                        </test>
                        <test id="6451c5273fc3094f" name="HasSerializationConstructor" fullName="MbUnit v3.0.5.546/Ak.Net.Dns.Test/DnsExceptionTest/ExceptionContract/HasSerializationConstructor" isTestCase="true">
                          <codeReference />
                          <codeLocation />
                          <metadata>
                            <entry key="TestKind">
                              <value>Test</value>
                            </entry>
                          </metadata>
                          <children />
                          <parameters />
                        </test>
                        <test id="ecd482b58078bb04" name="IsDefaultConstructorWellDefined" fullName="MbUnit v3.0.5.546/Ak.Net.Dns.Test/DnsExceptionTest/ExceptionContract/IsDefaultConstructorWellDefined" isTestCase="true">
                          <codeReference />
                          <codeLocation />
                          <metadata>
                            <entry key="TestKind">
                              <value>Test</value>
                            </entry>
                          </metadata>
                          <children />
                          <parameters />
                        </test>
                        <test id="bb2ad231888ba8e6" name="IsMessageConstructorWellDefined" fullName="MbUnit v3.0.5.546/Ak.Net.Dns.Test/DnsExceptionTest/ExceptionContract/IsMessageConstructorWellDefined" isTestCase="true">
                          <codeReference />
                          <codeLocation />
                          <metadata>
                            <entry key="TestKind">
                              <value>Test</value>
                            </entry>
                          </metadata>
                          <children />
                          <parameters />
                        </test>
                        <test id="7a7cea80af7c2958" name="IsMessageAndInnerExceptionConstructorWellDefined" fullName="MbUnit v3.0.5.546/Ak.Net.Dns.Test/DnsExceptionTest/ExceptionContract/IsMessageAndInnerExceptionConstructorWellDefined" isTestCase="true">
                          <codeReference />
                          <codeLocation />
                          <metadata>
                            <entry key="TestKind">
                              <value>Test</value>
                            </entry>
                          </metadata>
                          <children />
                          <parameters />
                        </test>
                      </children>
                      <parameters />
                    </test>
                  </children>
                  <parameters />
                </test>
                <test id="4a5ab2fa812d44e8" name="DnsFormatExceptionTest" fullName="MbUnit v3.0.5.546/Ak.Net.Dns.Test/DnsFormatExceptionTest" isTestCase="false">
                  <codeReference assembly="Ak.Net.Dns.Test, Version=1.0.0.0, Culture=neutral, PublicKeyToken=null" namespace="Ak.Net.Dns.Test" type="Ak.Net.Dns.Test.DnsFormatExceptionTest" />
                  <codeLocation path="D:\andyk\documents\visual-studio\Projects\Ak.Net.Dns\Ak.Net.Dns.Test\bin\Debug\Ak.Net.Dns.Test.DLL" />
                  <metadata>
                    <entry key="TestKind">
                      <value>Fixture</value>
                    </entry>
                    <entry key="TestsOn">
                      <value>Ak.Net.Dns.DnsFormatException, Ak.Net.Dns, Version=1.0.0.0, Culture=neutral, PublicKeyToken=05236629ed6a9b9e</value>
                    </entry>
                  </metadata>
                  <children>
                    <test id="73ef6f04336945d9" name="ExceptionContract" fullName="MbUnit v3.0.5.546/Ak.Net.Dns.Test/DnsFormatExceptionTest/ExceptionContract" isTestCase="false">
                      <codeReference />
                      <codeLocation />
                      <metadata>
                        <entry key="TestKind">
                          <value>Group</value>
                        </entry>
                      </metadata>
                      <children>
                        <test id="78e851641a6aaa65" name="HasSerializableAttribute" fullName="MbUnit v3.0.5.546/Ak.Net.Dns.Test/DnsFormatExceptionTest/ExceptionContract/HasSerializableAttribute" isTestCase="true">
                          <codeReference />
                          <codeLocation />
                          <metadata>
                            <entry key="TestKind">
                              <value>Test</value>
                            </entry>
                          </metadata>
                          <children />
                          <parameters />
                        </test>
                        <test id="bec75193a5676056" name="HasSerializationConstructor" fullName="MbUnit v3.0.5.546/Ak.Net.Dns.Test/DnsFormatExceptionTest/ExceptionContract/HasSerializationConstructor" isTestCase="true">
                          <codeReference />
                          <codeLocation />
                          <metadata>
                            <entry key="TestKind">
                              <value>Test</value>
                            </entry>
                          </metadata>
                          <children />
                          <parameters />
                        </test>
                        <test id="a4cfc3b7a5fd7784" name="IsDefaultConstructorWellDefined" fullName="MbUnit v3.0.5.546/Ak.Net.Dns.Test/DnsFormatExceptionTest/ExceptionContract/IsDefaultConstructorWellDefined" isTestCase="true">
                          <codeReference />
                          <codeLocation />
                          <metadata>
                            <entry key="TestKind">
                              <value>Test</value>
                            </entry>
                          </metadata>
                          <children />
                          <parameters />
                        </test>
                        <test id="cf4b9ef4536fca5" name="IsMessageConstructorWellDefined" fullName="MbUnit v3.0.5.546/Ak.Net.Dns.Test/DnsFormatExceptionTest/ExceptionContract/IsMessageConstructorWellDefined" isTestCase="true">
                          <codeReference />
                          <codeLocation />
                          <metadata>
                            <entry key="TestKind">
                              <value>Test</value>
                            </entry>
                          </metadata>
                          <children />
                          <parameters />
                        </test>
                        <test id="c8bd5d493ee0d8b9" name="IsMessageAndInnerExceptionConstructorWellDefined" fullName="MbUnit v3.0.5.546/Ak.Net.Dns.Test/DnsFormatExceptionTest/ExceptionContract/IsMessageAndInnerExceptionConstructorWellDefined" isTestCase="true">
                          <codeReference />
                          <codeLocation />
                          <metadata>
                            <entry key="TestKind">
                              <value>Test</value>
                            </entry>
                          </metadata>
                          <children />
                          <parameters />
                        </test>
                      </children>
                      <parameters />
                    </test>
                  </children>
                  <parameters />
                </test>
                <test id="8f2cb87e5e6d0506" name="DnsNameTest" fullName="MbUnit v3.0.5.546/Ak.Net.Dns.Test/DnsNameTest" isTestCase="false">
                  <codeReference assembly="Ak.Net.Dns.Test, Version=1.0.0.0, Culture=neutral, PublicKeyToken=null" namespace="Ak.Net.Dns.Test" type="Ak.Net.Dns.Test.DnsNameTest" />
                  <codeLocation path="d:\andyk\documents\visual-studio\Projects\Ak.Net.Dns\Ak.Net.Dns.Test\DnsNameTest.cs" />
                  <metadata>
                    <entry key="TestKind">
                      <value>Fixture</value>
                    </entry>
                    <entry key="TestsOn">
                      <value>Ak.Net.Dns.DnsName, Ak.Net.Dns, Version=1.0.0.0, Culture=neutral, PublicKeyToken=05236629ed6a9b9e</value>
                    </entry>
                  </metadata>
                  <children>
                    <test id="a3897482cd4d72bf" name="append_returns_correctly_formatted_name" fullName="MbUnit v3.0.5.546/Ak.Net.Dns.Test/DnsNameTest/append_returns_correctly_formatted_name" isTestCase="true">
                      <codeReference assembly="Ak.Net.Dns.Test, Version=1.0.0.0, Culture=neutral, PublicKeyToken=null" namespace="Ak.Net.Dns.Test" type="Ak.Net.Dns.Test.DnsNameTest" member="append_returns_correctly_formatted_name" />
                      <codeLocation path="d:\andyk\documents\visual-studio\Projects\Ak.Net.Dns\Ak.Net.Dns.Test\DnsNameTest.cs" line="195" />
                      <metadata>
                        <entry key="TestKind">
                          <value>Test</value>
                        </entry>
                      </metadata>
                      <children />
                      <parameters />
                    </test>
                    <test id="653781daee4f0867" name="append_returns_a_new_instance_and_does_not_modify_this" fullName="MbUnit v3.0.5.546/Ak.Net.Dns.Test/DnsNameTest/append_returns_a_new_instance_and_does_not_modify_this" isTestCase="true">
                      <codeReference assembly="Ak.Net.Dns.Test, Version=1.0.0.0, Culture=neutral, PublicKeyToken=null" namespace="Ak.Net.Dns.Test" type="Ak.Net.Dns.Test.DnsNameTest" member="append_returns_a_new_instance_and_does_not_modify_this" />
                      <codeLocation path="d:\andyk\documents\visual-studio\Projects\Ak.Net.Dns\Ak.Net.Dns.Test\DnsNameTest.cs" line="179" />
                      <metadata>
                        <entry key="TestKind">
                          <value>Test</value>
                        </entry>
                      </metadata>
                      <children />
                      <parameters />
                    </test>
                    <test id="b1fc4cd6e5756d10" name="parse_throws_if_name_is_null" fullName="MbUnit v3.0.5.546/Ak.Net.Dns.Test/DnsNameTest/parse_throws_if_name_is_null" isTestCase="true">
                      <codeReference assembly="Ak.Net.Dns.Test, Version=1.0.0.0, Culture=neutral, PublicKeyToken=null" namespace="Ak.Net.Dns.Test" type="Ak.Net.Dns.Test.DnsNameTest" member="parse_throws_if_name_is_null" />
                      <codeLocation path="d:\andyk\documents\visual-studio\Projects\Ak.Net.Dns\Ak.Net.Dns.Test\DnsNameTest.cs" line="74" />
                      <metadata>
                        <entry key="TestKind">
                          <value>Test</value>
                        </entry>
                        <entry key="ExpectedException">
                          <value>System.ArgumentNullException</value>
                        </entry>
                      </metadata>
                      <children />
                      <parameters />
                    </test>
                    <test id="1ad6dfcde9efb2e7" name="append_throws_if_name_is_absolute" fullName="MbUnit v3.0.5.546/Ak.Net.Dns.Test/DnsNameTest/append_throws_if_name_is_absolute" isTestCase="true">
                      <codeReference assembly="Ak.Net.Dns.Test, Version=1.0.0.0, Culture=neutral, PublicKeyToken=null" namespace="Ak.Net.Dns.Test" type="Ak.Net.Dns.Test.DnsNameTest" member="append_throws_if_name_is_absolute" />
                      <codeLocation path="d:\andyk\documents\visual-studio\Projects\Ak.Net.Dns\Ak.Net.Dns.Test\DnsNameTest.cs" line="170" />
                      <metadata>
                        <entry key="TestKind">
                          <value>Test</value>
                        </entry>
                        <entry key="ExpectedException">
                          <value>System.InvalidOperationException</value>
                        </entry>
                      </metadata>
                      <children />
                      <parameters />
                    </test>
                    <test id="f7ffcbd67062b07e" name="parse_parses_correctly_formatted_names" fullName="MbUnit v3.0.5.546/Ak.Net.Dns.Test/DnsNameTest/parse_parses_correctly_formatted_names" isTestCase="true">
                      <codeReference assembly="Ak.Net.Dns.Test, Version=1.0.0.0, Culture=neutral, PublicKeyToken=null" namespace="Ak.Net.Dns.Test" type="Ak.Net.Dns.Test.DnsNameTest" member="parse_parses_correctly_formatted_names" />
                      <codeLocation path="d:\andyk\documents\visual-studio\Projects\Ak.Net.Dns\Ak.Net.Dns.Test\DnsNameTest.cs" line="97" />
                      <metadata>
                        <entry key="TestKind">
                          <value>Test</value>
                        </entry>
                      </metadata>
                      <children />
                      <parameters />
                    </test>
                    <test id="b1d88700ea768caa" name="try_parse_identifies_incorrectly_formatted_names" fullName="MbUnit v3.0.5.546/Ak.Net.Dns.Test/DnsNameTest/try_parse_identifies_incorrectly_formatted_names" isTestCase="true">
                      <codeReference assembly="Ak.Net.Dns.Test, Version=1.0.0.0, Culture=neutral, PublicKeyToken=null" namespace="Ak.Net.Dns.Test" type="Ak.Net.Dns.Test.DnsNameTest" member="try_parse_identifies_incorrectly_formatted_names" />
                      <codeLocation path="d:\andyk\documents\visual-studio\Projects\Ak.Net.Dns\Ak.Net.Dns.Test\DnsNameTest.cs" line="111" />
                      <metadata>
                        <entry key="TestKind">
                          <value>Test</value>
                        </entry>
                      </metadata>
                      <children />
                      <parameters />
                    </test>
                    <test id="1c6f05a2f4b3c70f" name="parse_throws_if_name_is_empty" fullName="MbUnit v3.0.5.546/Ak.Net.Dns.Test/DnsNameTest/parse_throws_if_name_is_empty" isTestCase="true">
                      <codeReference assembly="Ak.Net.Dns.Test, Version=1.0.0.0, Culture=neutral, PublicKeyToken=null" namespace="Ak.Net.Dns.Test" type="Ak.Net.Dns.Test.DnsNameTest" member="parse_throws_if_name_is_empty" />
                      <codeLocation path="d:\andyk\documents\visual-studio\Projects\Ak.Net.Dns\Ak.Net.Dns.Test\DnsNameTest.cs" line="81" />
                      <metadata>
                        <entry key="TestKind">
                          <value>Test</value>
                        </entry>
                        <entry key="ExpectedException">
                          <value>System.ArgumentException</value>
                        </entry>
                      </metadata>
                      <children />
                      <parameters />
                    </test>
                    <test id="2ae864f616e7aa32" name="parse_throws_if_name_is_incorrectly_formatted" fullName="MbUnit v3.0.5.546/Ak.Net.Dns.Test/DnsNameTest/parse_throws_if_name_is_incorrectly_formatted" isTestCase="true">
                      <codeReference assembly="Ak.Net.Dns.Test, Version=1.0.0.0, Culture=neutral, PublicKeyToken=null" namespace="Ak.Net.Dns.Test" type="Ak.Net.Dns.Test.DnsNameTest" member="parse_throws_if_name_is_incorrectly_formatted" />
                      <codeLocation path="d:\andyk\documents\visual-studio\Projects\Ak.Net.Dns\Ak.Net.Dns.Test\DnsNameTest.cs" line="87" />
                      <metadata>
                        <entry key="TestKind">
                          <value>Test</value>
                        </entry>
                      </metadata>
                      <children />
                      <parameters />
                    </test>
                    <test id="6d1d389e6b034f26" name="try_parse_parses_correctly_formatted_names" fullName="MbUnit v3.0.5.546/Ak.Net.Dns.Test/DnsNameTest/try_parse_parses_correctly_formatted_names" isTestCase="true">
                      <codeReference assembly="Ak.Net.Dns.Test, Version=1.0.0.0, Culture=neutral, PublicKeyToken=null" namespace="Ak.Net.Dns.Test" type="Ak.Net.Dns.Test.DnsNameTest" member="try_parse_parses_correctly_formatted_names" />
                      <codeLocation path="d:\andyk\documents\visual-studio\Projects\Ak.Net.Dns\Ak.Net.Dns.Test\DnsNameTest.cs" line="122" />
                      <metadata>
                        <entry key="TestKind">
                          <value>Test</value>
                        </entry>
                      </metadata>
                      <children />
                      <parameters />
                    </test>
                    <test id="e1bd6ffc481edec2" name="to_string_should_return_name" fullName="MbUnit v3.0.5.546/Ak.Net.Dns.Test/DnsNameTest/to_string_should_return_name" isTestCase="true">
                      <codeReference assembly="Ak.Net.Dns.Test, Version=1.0.0.0, Culture=neutral, PublicKeyToken=null" namespace="Ak.Net.Dns.Test" type="Ak.Net.Dns.Test.DnsNameTest" member="to_string_should_return_name" />
                      <codeLocation path="d:\andyk\documents\visual-studio\Projects\Ak.Net.Dns\Ak.Net.Dns.Test\DnsNameTest.cs" line="152" />
                      <metadata>
                        <entry key="TestKind">
                          <value>Test</value>
                        </entry>
                      </metadata>
                      <children />
                      <parameters />
                    </test>
                    <test id="a411c2f563701069" name="append_throws_if_name_is_null" fullName="MbUnit v3.0.5.546/Ak.Net.Dns.Test/DnsNameTest/append_throws_if_name_is_null" isTestCase="true">
                      <codeReference assembly="Ak.Net.Dns.Test, Version=1.0.0.0, Culture=neutral, PublicKeyToken=null" namespace="Ak.Net.Dns.Test" type="Ak.Net.Dns.Test.DnsNameTest" member="append_throws_if_name_is_null" />
                      <codeLocation path="d:\andyk\documents\visual-studio\Projects\Ak.Net.Dns\Ak.Net.Dns.Test\DnsNameTest.cs" line="161" />
                      <metadata>
                        <entry key="TestKind">
                          <value>Test</value>
                        </entry>
                        <entry key="ExpectedException">
                          <value>System.ArgumentNullException</value>
                        </entry>
                      </metadata>
                      <children />
                      <parameters />
                    </test>
                    <test id="8fd98b83deff47a2" name="classify_kind_throws_if_name_is_null" fullName="MbUnit v3.0.5.546/Ak.Net.Dns.Test/DnsNameTest/classify_kind_throws_if_name_is_null" isTestCase="true">
                      <codeReference assembly="Ak.Net.Dns.Test, Version=1.0.0.0, Culture=neutral, PublicKeyToken=null" namespace="Ak.Net.Dns.Test" type="Ak.Net.Dns.Test.DnsNameTest" member="classify_kind_throws_if_name_is_null" />
                      <codeLocation path="d:\andyk\documents\visual-studio\Projects\Ak.Net.Dns\Ak.Net.Dns.Test\DnsNameTest.cs" line="137" />
                      <metadata>
                        <entry key="TestKind">
                          <value>Test</value>
                        </entry>
                        <entry key="ExpectedException">
                          <value>System.ArgumentNullException</value>
                        </entry>
                      </metadata>
                      <children />
                      <parameters />
                    </test>
                    <test id="30d9e70e80b55f60" name="classify_kind_returns_correct_kind" fullName="MbUnit v3.0.5.546/Ak.Net.Dns.Test/DnsNameTest/classify_kind_returns_correct_kind" isTestCase="true">
                      <codeReference assembly="Ak.Net.Dns.Test, Version=1.0.0.0, Culture=neutral, PublicKeyToken=null" namespace="Ak.Net.Dns.Test" type="Ak.Net.Dns.Test.DnsNameTest" member="classify_kind_returns_correct_kind" />
                      <codeLocation path="d:\andyk\documents\visual-studio\Projects\Ak.Net.Dns\Ak.Net.Dns.Test\DnsNameTest.cs" line="143" />
                      <metadata>
                        <entry key="TestKind">
                          <value>Test</value>
                        </entry>
                      </metadata>
                      <children />
                      <parameters />
                    </test>
                    <test id="858650181e18e1dd" name="ComparisonContract" fullName="MbUnit v3.0.5.546/Ak.Net.Dns.Test/DnsNameTest/ComparisonContract" isTestCase="false">
                      <codeReference />
                      <codeLocation />
                      <metadata>
                        <entry key="TestKind">
                          <value>Group</value>
                        </entry>
                      </metadata>
                      <children>
                        <test id="47f55b6cf585b348" name="ComparableCompareTo" fullName="MbUnit v3.0.5.546/Ak.Net.Dns.Test/DnsNameTest/ComparisonContract/ComparableCompareTo" isTestCase="true">
                          <codeReference />
                          <codeLocation />
                          <metadata>
                            <entry key="TestKind">
                              <value>Test</value>
                            </entry>
                          </metadata>
                          <children />
                          <parameters />
                        </test>
                      </children>
                      <parameters />
                    </test>
                    <test id="d8da80ceda3a759e" name="EqualityContract" fullName="MbUnit v3.0.5.546/Ak.Net.Dns.Test/DnsNameTest/EqualityContract" isTestCase="false">
                      <codeReference />
                      <codeLocation />
                      <metadata>
                        <entry key="TestKind">
                          <value>Group</value>
                        </entry>
                      </metadata>
                      <children>
                        <test id="be7a2e836b24787d" name="ObjectEquals" fullName="MbUnit v3.0.5.546/Ak.Net.Dns.Test/DnsNameTest/EqualityContract/ObjectEquals" isTestCase="true">
                          <codeReference />
                          <codeLocation />
                          <metadata>
                            <entry key="TestKind">
                              <value>Test</value>
                            </entry>
                          </metadata>
                          <children />
                          <parameters />
                        </test>
                        <test id="b143d27c2f20b662" name="ObjectGetHashCode" fullName="MbUnit v3.0.5.546/Ak.Net.Dns.Test/DnsNameTest/EqualityContract/ObjectGetHashCode" isTestCase="true">
                          <codeReference />
                          <codeLocation />
                          <metadata>
                            <entry key="TestKind">
                              <value>Test</value>
                            </entry>
                          </metadata>
                          <children />
                          <parameters />
                        </test>
                        <test id="1f16b7f95f77c757" name="EquatableEqual" fullName="MbUnit v3.0.5.546/Ak.Net.Dns.Test/DnsNameTest/EqualityContract/EquatableEqual" isTestCase="true">
                          <codeReference />
                          <codeLocation />
                          <metadata>
                            <entry key="TestKind">
                              <value>Test</value>
                            </entry>
                          </metadata>
                          <children />
                          <parameters />
                        </test>
                      </children>
                      <parameters />
                    </test>
                  </children>
                  <parameters />
                </test>
              </children>
              <parameters />
            </test>
          </children>
          <parameters />
        </test>
      </children>
      <parameters />
    </test>
    <annotations />
  </testModel>
  <testPackageRun startTime="2008-12-13T17:40:15.4058+00:00" endTime="2008-12-13T17:40:22.6878+00:00">
    <testStepRun startTime="2008-12-13T17:40:15.4098+00:00" endTime="2008-12-13T17:40:22.6568+00:00">
      <testStep id="d543270b0af5a429" name="Root" fullName="" testId="c2722843734a7a54" isPrimary="true" isTestCase="false" isDynamic="false">
        <codeReference />
        <codeLocation />
        <metadata>
          <entry key="TestKind">
            <value>Root</value>
          </entry>
        </metadata>
      </testStep>
      <children>
        <testStepRun startTime="2008-12-13T17:40:15.6368+00:00" endTime="2008-12-13T17:40:22.5318+00:00">
          <testStep id="36ebb914c022c1af" name="MbUnit v3.0.5.546" fullName="MbUnit v3.0.5.546" testId="e9ba7b32f33cfad8" isPrimary="true" isTestCase="false" isDynamic="false">
            <codeReference />
            <codeLocation />
            <metadata>
              <entry key="TestKind">
                <value>Framework</value>
              </entry>
            </metadata>
          </testStep>
          <children>
            <testStepRun startTime="2008-12-13T17:40:15.6888+00:00" endTime="2008-12-13T17:40:22.4038+00:00">
              <testStep id="1c7d41b2a3edf163" name="Ak.Net.Dns.Test" fullName="MbUnit v3.0.5.546/Ak.Net.Dns.Test" testId="3aa4d427857484c" isPrimary="true" isTestCase="false" isDynamic="false">
                <codeReference assembly="Ak.Net.Dns.Test, Version=1.0.0.0, Culture=neutral, PublicKeyToken=null" />
                <codeLocation path="D:\andyk\documents\visual-studio\Projects\Ak.Net.Dns\Ak.Net.Dns.Test\bin\Debug\Ak.Net.Dns.Test.DLL" />
                <metadata>
                  <entry key="TestKind">
                    <value>Assembly</value>
                  </entry>
                  <entry key="CodeBase">
                    <value>D:\andyk\documents\visual-studio\Projects\Ak.Net.Dns\Ak.Net.Dns.Test\bin\Debug\Ak.Net.Dns.Test.DLL</value>
                  </entry>
                  <entry key="Company">
                    <value>Andy Kernahan</value>
                  </entry>
                  <entry key="Copyright">
                    <value>Copyright © Andy Kernahan 2008</value>
                  </entry>
                  <entry key="Description">
                    <value>Unit Tests for Domain Name System Library for .NET 3.5</value>
                  </entry>
                  <entry key="FileVersion">
                    <value>1.0.0.0</value>
                  </entry>
                  <entry key="Product">
                    <value>Ak.Net.Dns.Test</value>
                  </entry>
                  <entry key="Title">
                    <value>Unit Tests for DNS for .NET 3.5</value>
                  </entry>
                  <entry key="Trademark">
                    <value>Andy Kernahan</value>
                  </entry>
                  <entry key="Version">
                    <value>1.0.0.0</value>
                  </entry>
                </metadata>
              </testStep>
              <children>
                <testStepRun startTime="2008-12-13T17:40:15.7018+00:00" endTime="2008-12-13T17:40:16.4458+00:00">
                  <testStep id="5a4cf933f0416e9b" name="DnsExceptionTest" fullName="MbUnit v3.0.5.546/Ak.Net.Dns.Test/DnsExceptionTest" testId="baeba53598a8bb1a" isPrimary="true" isTestCase="false" isDynamic="false">
                    <codeReference assembly="Ak.Net.Dns.Test, Version=1.0.0.0, Culture=neutral, PublicKeyToken=null" namespace="Ak.Net.Dns.Test" type="Ak.Net.Dns.Test.DnsExceptionTest" />
                    <codeLocation path="D:\andyk\documents\visual-studio\Projects\Ak.Net.Dns\Ak.Net.Dns.Test\bin\Debug\Ak.Net.Dns.Test.DLL" />
                    <metadata>
                      <entry key="TestKind">
                        <value>Fixture</value>
                      </entry>
                      <entry key="TestsOn">
                        <value>Ak.Net.Dns.DnsException, Ak.Net.Dns, Version=1.0.0.0, Culture=neutral, PublicKeyToken=05236629ed6a9b9e</value>
                      </entry>
                    </metadata>
                  </testStep>
                  <children>
                    <testStepRun startTime="2008-12-13T17:40:15.7268+00:00" endTime="2008-12-13T17:40:16.3558+00:00">
                      <testStep id="6bc0d05ec1eef7db" name="ExceptionContract" fullName="MbUnit v3.0.5.546/Ak.Net.Dns.Test/DnsExceptionTest/ExceptionContract" testId="400e27dba3088f5" isPrimary="true" isTestCase="false" isDynamic="false">
                        <codeReference />
                        <codeLocation />
                        <metadata>
                          <entry key="TestKind">
                            <value>Group</value>
                          </entry>
                        </metadata>
                      </testStep>
                      <children>
                        <testStepRun startTime="2008-12-13T17:40:15.7398+00:00" endTime="2008-12-13T17:40:15.7848+00:00">
                          <testStep id="c36b5f3ccf6682e5" name="HasSerializableAttribute" fullName="MbUnit v3.0.5.546/Ak.Net.Dns.Test/DnsExceptionTest/ExceptionContract/HasSerializableAttribute" testId="ca97e9ae59fd647a" isPrimary="true" isTestCase="true" isDynamic="false">
                            <codeReference />
                            <codeLocation />
                            <metadata>
                              <entry key="TestKind">
                                <value>Test</value>
                              </entry>
                            </metadata>
                          </testStep>
                          <children />
                          <result assertCount="1" duration="0.0412986">
                            <outcome status="passed" />
                          </result>
                          <testLog>
                            <streams />
                            <attachments />
                          </testLog>
                        </testStepRun>
                        <testStepRun startTime="2008-12-13T17:40:15.8998+00:00" endTime="2008-12-13T17:40:15.9188+00:00">
                          <testStep id="8c0afd6a3cd9bb19" name="HasSerializationConstructor" fullName="MbUnit v3.0.5.546/Ak.Net.Dns.Test/DnsExceptionTest/ExceptionContract/HasSerializationConstructor" testId="6451c5273fc3094f" isPrimary="true" isTestCase="true" isDynamic="false">
                            <codeReference />
                            <codeLocation />
                            <metadata>
                              <entry key="TestKind">
                                <value>Test</value>
                              </entry>
                            </metadata>
                          </testStep>
                          <children />
                          <result assertCount="1" duration="0.018689">
                            <outcome status="passed" />
                          </result>
                          <testLog>
                            <streams />
                            <attachments />
                          </testLog>
                        </testStepRun>
                        <testStepRun startTime="2008-12-13T17:40:16.0138+00:00" endTime="2008-12-13T17:40:16.0488+00:00">
                          <testStep id="5731fc15fc8df92b" name="IsDefaultConstructorWellDefined" fullName="MbUnit v3.0.5.546/Ak.Net.Dns.Test/DnsExceptionTest/ExceptionContract/IsDefaultConstructorWellDefined" testId="ecd482b58078bb04" isPrimary="true" isTestCase="true" isDynamic="false">
                            <codeReference />
                            <codeLocation />
                            <metadata>
                              <entry key="TestKind">
                                <value>Test</value>
                              </entry>
                            </metadata>
                          </testStep>
                          <children />
                          <result assertCount="6" duration="0.0355929">
                            <outcome status="passed" />
                          </result>
                          <testLog>
                            <streams />
                            <attachments />
                          </testLog>
                        </testStepRun>
                        <testStepRun startTime="2008-12-13T17:40:16.1538+00:00" endTime="2008-12-13T17:40:16.1738+00:00">
                          <testStep id="eebcf62f1b9fb965" name="IsMessageAndInnerExceptionConstructorWellDefined" fullName="MbUnit v3.0.5.546/Ak.Net.Dns.Test/DnsExceptionTest/ExceptionContract/IsMessageAndInnerExceptionConstructorWellDefined" testId="7a7cea80af7c2958" isPrimary="true" isTestCase="true" isDynamic="false">
                            <codeReference />
                            <codeLocation />
                            <metadata>
                              <entry key="TestKind">
                                <value>Test</value>
                              </entry>
                            </metadata>
                          </testStep>
                          <children />
                          <result assertCount="31" duration="0.0205585">
                            <outcome status="passed" />
                          </result>
                          <testLog>
                            <streams />
                            <attachments />
                          </testLog>
                        </testStepRun>
                        <testStepRun startTime="2008-12-13T17:40:16.2418+00:00" endTime="2008-12-13T17:40:16.2588+00:00">
                          <testStep id="18bc9b1e51624e31" name="IsMessageConstructorWellDefined" fullName="MbUnit v3.0.5.546/Ak.Net.Dns.Test/DnsExceptionTest/ExceptionContract/IsMessageConstructorWellDefined" testId="bb2ad231888ba8e6" isPrimary="true" isTestCase="true" isDynamic="false">
                            <codeReference />
                            <codeLocation />
                            <metadata>
                              <entry key="TestKind">
                                <value>Test</value>
                              </entry>
                            </metadata>
                          </testStep>
                          <children />
                          <result assertCount="16" duration="0.0176698">
                            <outcome status="passed" />
                          </result>
                          <testLog>
                            <streams />
                            <attachments />
                          </testLog>
                        </testStepRun>
                      </children>
                      <result assertCount="55" duration="0.6265858">
                        <outcome status="passed" />
                      </result>
                      <testLog>
                        <streams />
                        <attachments />
                      </testLog>
                    </testStepRun>
                  </children>
                  <result assertCount="55" duration="0.7444048">
                    <outcome status="passed" />
                  </result>
                  <testLog>
                    <streams />
                    <attachments />
                  </testLog>
                </testStepRun>
                <testStepRun startTime="2008-12-13T17:40:16.5408+00:00" endTime="2008-12-13T17:40:17.3228+00:00">
                  <testStep id="9e5ce16ee454f41" name="DnsFormatExceptionTest" fullName="MbUnit v3.0.5.546/Ak.Net.Dns.Test/DnsFormatExceptionTest" testId="4a5ab2fa812d44e8" isPrimary="true" isTestCase="false" isDynamic="false">
                    <codeReference assembly="Ak.Net.Dns.Test, Version=1.0.0.0, Culture=neutral, PublicKeyToken=null" namespace="Ak.Net.Dns.Test" type="Ak.Net.Dns.Test.DnsFormatExceptionTest" />
                    <codeLocation path="D:\andyk\documents\visual-studio\Projects\Ak.Net.Dns\Ak.Net.Dns.Test\bin\Debug\Ak.Net.Dns.Test.DLL" />
                    <metadata>
                      <entry key="TestKind">
                        <value>Fixture</value>
                      </entry>
                      <entry key="TestsOn">
                        <value>Ak.Net.Dns.DnsFormatException, Ak.Net.Dns, Version=1.0.0.0, Culture=neutral, PublicKeyToken=05236629ed6a9b9e</value>
                      </entry>
                    </metadata>
                  </testStep>
                  <children>
                    <testStepRun startTime="2008-12-13T17:40:16.5518+00:00" endTime="2008-12-13T17:40:17.1998+00:00">
                      <testStep id="352b8a1be29bf6bb" name="ExceptionContract" fullName="MbUnit v3.0.5.546/Ak.Net.Dns.Test/DnsFormatExceptionTest/ExceptionContract" testId="73ef6f04336945d9" isPrimary="true" isTestCase="false" isDynamic="false">
                        <codeReference />
                        <codeLocation />
                        <metadata>
                          <entry key="TestKind">
                            <value>Group</value>
                          </entry>
                        </metadata>
                      </testStep>
                      <children>
                        <testStepRun startTime="2008-12-13T17:40:16.5728+00:00" endTime="2008-12-13T17:40:16.5938+00:00">
                          <testStep id="2ec16df9db3eb678" name="HasSerializableAttribute" fullName="MbUnit v3.0.5.546/Ak.Net.Dns.Test/DnsFormatExceptionTest/ExceptionContract/HasSerializableAttribute" testId="78e851641a6aaa65" isPrimary="true" isTestCase="true" isDynamic="false">
                            <codeReference />
                            <codeLocation />
                            <metadata>
                              <entry key="TestKind">
                                <value>Test</value>
                              </entry>
                            </metadata>
                          </testStep>
                          <children />
                          <result assertCount="1" duration="0.0215899">
                            <outcome status="passed" />
                          </result>
                          <testLog>
                            <streams />
                            <attachments />
                          </testLog>
                        </testStepRun>
                        <testStepRun startTime="2008-12-13T17:40:16.7148+00:00" endTime="2008-12-13T17:40:16.7348+00:00">
                          <testStep id="934fa3be6fd67dfc" name="HasSerializationConstructor" fullName="MbUnit v3.0.5.546/Ak.Net.Dns.Test/DnsFormatExceptionTest/ExceptionContract/HasSerializationConstructor" testId="bec75193a5676056" isPrimary="true" isTestCase="true" isDynamic="false">
                            <codeReference />
                            <codeLocation />
                            <metadata>
                              <entry key="TestKind">
                                <value>Test</value>
                              </entry>
                            </metadata>
                          </testStep>
                          <children />
                          <result assertCount="1" duration="0.0199488">
                            <outcome status="passed" />
                          </result>
                          <testLog>
                            <streams />
                            <attachments />
                          </testLog>
                        </testStepRun>
                        <testStepRun startTime="2008-12-13T17:40:16.8378+00:00" endTime="2008-12-13T17:40:16.8538+00:00">
                          <testStep id="5d4efd98fa5ac26a" name="IsDefaultConstructorWellDefined" fullName="MbUnit v3.0.5.546/Ak.Net.Dns.Test/DnsFormatExceptionTest/ExceptionContract/IsDefaultConstructorWellDefined" testId="a4cfc3b7a5fd7784" isPrimary="true" isTestCase="true" isDynamic="false">
                            <codeReference />
                            <codeLocation />
                            <metadata>
                              <entry key="TestKind">
                                <value>Test</value>
                              </entry>
                            </metadata>
                          </testStep>
                          <children />
                          <result assertCount="6" duration="0.0170544">
                            <outcome status="passed" />
                          </result>
                          <testLog>
                            <streams />
                            <attachments />
                          </testLog>
                        </testStepRun>
                        <testStepRun startTime="2008-12-13T17:40:16.9388+00:00" endTime="2008-12-13T17:40:16.9828+00:00">
                          <testStep id="596b02a5ffa107c9" name="IsMessageAndInnerExceptionConstructorWellDefined" fullName="MbUnit v3.0.5.546/Ak.Net.Dns.Test/DnsFormatExceptionTest/ExceptionContract/IsMessageAndInnerExceptionConstructorWellDefined" testId="c8bd5d493ee0d8b9" isPrimary="true" isTestCase="true" isDynamic="false">
                            <codeReference />
                            <codeLocation />
                            <metadata>
                              <entry key="TestKind">
                                <value>Test</value>
                              </entry>
                            </metadata>
                          </testStep>
                          <children />
                          <result assertCount="31" duration="0.0458449">
                            <outcome status="passed" />
                          </result>
                          <testLog>
                            <streams />
                            <attachments />
                          </testLog>
                        </testStepRun>
                        <testStepRun startTime="2008-12-13T17:40:17.0948+00:00" endTime="2008-12-13T17:40:17.1118+00:00">
                          <testStep id="77a91b068a74578" name="IsMessageConstructorWellDefined" fullName="MbUnit v3.0.5.546/Ak.Net.Dns.Test/DnsFormatExceptionTest/ExceptionContract/IsMessageConstructorWellDefined" testId="cf4b9ef4536fca5" isPrimary="true" isTestCase="true" isDynamic="false">
                            <codeReference />
                            <codeLocation />
                            <metadata>
                              <entry key="TestKind">
                                <value>Test</value>
                              </entry>
                            </metadata>
                          </testStep>
                          <children />
                          <result assertCount="16" duration="0.0183251">
                            <outcome status="passed" />
                          </result>
                          <testLog>
                            <streams />
                            <attachments />
                          </testLog>
                        </testStepRun>
                      </children>
                      <result assertCount="55" duration="0.6471775">
                        <outcome status="passed" />
                      </result>
                      <testLog>
                        <streams />
                        <attachments />
                      </testLog>
                    </testStepRun>
                  </children>
                  <result assertCount="55" duration="0.7826445">
                    <outcome status="passed" />
                  </result>
                  <testLog>
                    <streams />
                    <attachments />
                  </testLog>
                </testStepRun>
                <testStepRun startTime="2008-12-13T17:40:17.4268+00:00" endTime="2008-12-13T17:40:20.2608+00:00">
                  <testStep id="b8d8753e27f30cca" name="DnsNameTest" fullName="MbUnit v3.0.5.546/Ak.Net.Dns.Test/DnsNameTest" testId="8f2cb87e5e6d0506" isPrimary="true" isTestCase="false" isDynamic="false">
                    <codeReference assembly="Ak.Net.Dns.Test, Version=1.0.0.0, Culture=neutral, PublicKeyToken=null" namespace="Ak.Net.Dns.Test" type="Ak.Net.Dns.Test.DnsNameTest" />
                    <codeLocation path="d:\andyk\documents\visual-studio\Projects\Ak.Net.Dns\Ak.Net.Dns.Test\DnsNameTest.cs" />
                    <metadata>
                      <entry key="TestKind">
                        <value>Fixture</value>
                      </entry>
                      <entry key="TestsOn">
                        <value>Ak.Net.Dns.DnsName, Ak.Net.Dns, Version=1.0.0.0, Culture=neutral, PublicKeyToken=05236629ed6a9b9e</value>
                      </entry>
                    </metadata>
                  </testStep>
                  <children>
                    <testStepRun startTime="2008-12-13T17:40:17.4398+00:00" endTime="2008-12-13T17:40:17.4938+00:00">
                      <testStep id="758df7f31664e3b0" name="append_returns_a_new_instance_and_does_not_modify_this" fullName="MbUnit v3.0.5.546/Ak.Net.Dns.Test/DnsNameTest/append_returns_a_new_instance_and_does_not_modify_this" testId="653781daee4f0867" isPrimary="true" isTestCase="true" isDynamic="false">
                        <codeReference assembly="Ak.Net.Dns.Test, Version=1.0.0.0, Culture=neutral, PublicKeyToken=null" namespace="Ak.Net.Dns.Test" type="Ak.Net.Dns.Test.DnsNameTest" member="append_returns_a_new_instance_and_does_not_modify_this" />
                        <codeLocation path="d:\andyk\documents\visual-studio\Projects\Ak.Net.Dns\Ak.Net.Dns.Test\DnsNameTest.cs" line="179" />
                        <metadata>
                          <entry key="TestKind">
                            <value>Test</value>
                          </entry>
                        </metadata>
                      </testStep>
                      <children />
                      <result assertCount="4" duration="0.0543088">
                        <outcome status="passed" />
                      </result>
                      <testLog>
                        <streams />
                        <attachments />
                      </testLog>
                    </testStepRun>
                    <testStepRun startTime="2008-12-13T17:40:17.6058+00:00" endTime="2008-12-13T17:40:17.6348+00:00">
                      <testStep id="b33fca88ef232647" name="append_returns_correctly_formatted_name" fullName="MbUnit v3.0.5.546/Ak.Net.Dns.Test/DnsNameTest/append_returns_correctly_formatted_name" testId="a3897482cd4d72bf" isPrimary="true" isTestCase="true" isDynamic="false">
                        <codeReference assembly="Ak.Net.Dns.Test, Version=1.0.0.0, Culture=neutral, PublicKeyToken=null" namespace="Ak.Net.Dns.Test" type="Ak.Net.Dns.Test.DnsNameTest" member="append_returns_correctly_formatted_name" />
                        <codeLocation path="d:\andyk\documents\visual-studio\Projects\Ak.Net.Dns\Ak.Net.Dns.Test\DnsNameTest.cs" line="195" />
                        <metadata>
                          <entry key="TestKind">
                            <value>Test</value>
                          </entry>
                        </metadata>
                      </testStep>
                      <children />
                      <result assertCount="4" duration="0.0293592">
                        <outcome status="passed" />
                      </result>
                      <testLog>
                        <streams />
                        <attachments />
                      </testLog>
                    </testStepRun>
                    <testStepRun startTime="2008-12-13T17:40:17.7578+00:00" endTime="2008-12-13T17:40:17.8698+00:00">
                      <testStep id="8dde85fc2bc27085" name="append_throws_if_name_is_absolute" fullName="MbUnit v3.0.5.546/Ak.Net.Dns.Test/DnsNameTest/append_throws_if_name_is_absolute" testId="1ad6dfcde9efb2e7" isPrimary="true" isTestCase="true" isDynamic="false">
                        <codeReference assembly="Ak.Net.Dns.Test, Version=1.0.0.0, Culture=neutral, PublicKeyToken=null" namespace="Ak.Net.Dns.Test" type="Ak.Net.Dns.Test.DnsNameTest" member="append_throws_if_name_is_absolute" />
                        <codeLocation path="d:\andyk\documents\visual-studio\Projects\Ak.Net.Dns\Ak.Net.Dns.Test\DnsNameTest.cs" line="170" />
                        <metadata>
                          <entry key="TestKind">
                            <value>Test</value>
                          </entry>
                          <entry key="ExpectedException">
                            <value>System.InvalidOperationException</value>
                          </entry>
                        </metadata>
                      </testStep>
                      <children />
                      <result assertCount="1" duration="0.11278479999999999">
                        <outcome status="passed" />
                      </result>
                      <testLog>
                        <streams />
                        <attachments />
                      </testLog>
                    </testStepRun>
                    <testStepRun startTime="2008-12-13T17:40:17.9648+00:00" endTime="2008-12-13T17:40:17.9828+00:00">
                      <testStep id="4a9ddcd4deaecd4e" name="append_throws_if_name_is_null" fullName="MbUnit v3.0.5.546/Ak.Net.Dns.Test/DnsNameTest/append_throws_if_name_is_null" testId="a411c2f563701069" isPrimary="true" isTestCase="true" isDynamic="false">
                        <codeReference assembly="Ak.Net.Dns.Test, Version=1.0.0.0, Culture=neutral, PublicKeyToken=null" namespace="Ak.Net.Dns.Test" type="Ak.Net.Dns.Test.DnsNameTest" member="append_throws_if_name_is_null" />
                        <codeLocation path="d:\andyk\documents\visual-studio\Projects\Ak.Net.Dns\Ak.Net.Dns.Test\DnsNameTest.cs" line="161" />
                        <metadata>
                          <entry key="TestKind">
                            <value>Test</value>
                          </entry>
                          <entry key="ExpectedException">
                            <value>System.ArgumentNullException</value>
                          </entry>
                        </metadata>
                      </testStep>
                      <children />
                      <result assertCount="0" duration="0.0181262">
                        <outcome status="passed" />
                      </result>
                      <testLog>
                        <streams />
                        <attachments />
                      </testLog>
                    </testStepRun>
                    <testStepRun startTime="2008-12-13T17:40:18.1018+00:00" endTime="2008-12-13T17:40:18.1178+00:00">
                      <testStep id="a4f776f160118190" name="classify_kind_returns_correct_kind" fullName="MbUnit v3.0.5.546/Ak.Net.Dns.Test/DnsNameTest/classify_kind_returns_correct_kind" testId="30d9e70e80b55f60" isPrimary="true" isTestCase="true" isDynamic="false">
                        <codeReference assembly="Ak.Net.Dns.Test, Version=1.0.0.0, Culture=neutral, PublicKeyToken=null" namespace="Ak.Net.Dns.Test" type="Ak.Net.Dns.Test.DnsNameTest" member="classify_kind_returns_correct_kind" />
                        <codeLocation path="d:\andyk\documents\visual-studio\Projects\Ak.Net.Dns\Ak.Net.Dns.Test\DnsNameTest.cs" line="143" />
                        <metadata>
                          <entry key="TestKind">
                            <value>Test</value>
                          </entry>
                        </metadata>
                      </testStep>
                      <children />
                      <result assertCount="14" duration="0.0168757">
                        <outcome status="passed" />
                      </result>
                      <testLog>
                        <streams />
                        <attachments />
                      </testLog>
                    </testStepRun>
                    <testStepRun startTime="2008-12-13T17:40:18.2278+00:00" endTime="2008-12-13T17:40:18.2548+00:00">
                      <testStep id="c0c332c0fcce4a5e" name="classify_kind_throws_if_name_is_null" fullName="MbUnit v3.0.5.546/Ak.Net.Dns.Test/DnsNameTest/classify_kind_throws_if_name_is_null" testId="8fd98b83deff47a2" isPrimary="true" isTestCase="true" isDynamic="false">
                        <codeReference assembly="Ak.Net.Dns.Test, Version=1.0.0.0, Culture=neutral, PublicKeyToken=null" namespace="Ak.Net.Dns.Test" type="Ak.Net.Dns.Test.DnsNameTest" member="classify_kind_throws_if_name_is_null" />
                        <codeLocation path="d:\andyk\documents\visual-studio\Projects\Ak.Net.Dns\Ak.Net.Dns.Test\DnsNameTest.cs" line="137" />
                        <metadata>
                          <entry key="TestKind">
                            <value>Test</value>
                          </entry>
                          <entry key="ExpectedException">
                            <value>System.ArgumentNullException</value>
                          </entry>
                        </metadata>
                      </testStep>
                      <children />
                      <result assertCount="0" duration="0.0269646">
                        <outcome status="passed" />
                      </result>
                      <testLog>
                        <streams />
                        <attachments />
                      </testLog>
                    </testStepRun>
                    <testStepRun startTime="2008-12-13T17:40:18.3798+00:00" endTime="2008-12-13T17:40:18.5878+00:00">
                      <testStep id="a374d9c0d81a7b41" name="ComparisonContract" fullName="MbUnit v3.0.5.546/Ak.Net.Dns.Test/DnsNameTest/ComparisonContract" testId="858650181e18e1dd" isPrimary="true" isTestCase="false" isDynamic="false">
                        <codeReference />
                        <codeLocation />
                        <metadata>
                          <entry key="TestKind">
                            <value>Group</value>
                          </entry>
                        </metadata>
                      </testStep>
                      <children>
                        <testStepRun startTime="2008-12-13T17:40:18.3958+00:00" endTime="2008-12-13T17:40:18.4528+00:00">
                          <testStep id="d15e818d596dbfbc" name="ComparableCompareTo" fullName="MbUnit v3.0.5.546/Ak.Net.Dns.Test/DnsNameTest/ComparisonContract/ComparableCompareTo" testId="47f55b6cf585b348" isPrimary="true" isTestCase="true" isDynamic="false">
                            <codeReference />
                            <codeLocation />
                            <metadata>
                              <entry key="TestKind">
                                <value>Test</value>
                              </entry>
                            </metadata>
                          </testStep>
                          <children />
                          <result assertCount="354" duration="0.058217399999999996">
                            <outcome status="passed" />
                          </result>
                          <testLog>
                            <streams />
                            <attachments />
                          </testLog>
                        </testStepRun>
                      </children>
                      <result assertCount="354" duration="0.2087492">
                        <outcome status="passed" />
                      </result>
                      <testLog>
                        <streams />
                        <attachments />
                      </testLog>
                    </testStepRun>
                    <testStepRun startTime="2008-12-13T17:40:18.6748+00:00" endTime="2008-12-13T17:40:19.1688+00:00">
                      <testStep id="71624b0bc8adca36" name="EqualityContract" fullName="MbUnit v3.0.5.546/Ak.Net.Dns.Test/DnsNameTest/EqualityContract" testId="d8da80ceda3a759e" isPrimary="true" isTestCase="false" isDynamic="false">
                        <codeReference />
                        <codeLocation />
                        <metadata>
                          <entry key="TestKind">
                            <value>Group</value>
                          </entry>
                        </metadata>
                      </testStep>
                      <children>
                        <testStepRun startTime="2008-12-13T17:40:18.6858+00:00" endTime="2008-12-13T17:40:18.7828+00:00">
                          <testStep id="6243aa7760788ab5" name="EquatableEqual" fullName="MbUnit v3.0.5.546/Ak.Net.Dns.Test/DnsNameTest/EqualityContract/EquatableEqual" testId="1f16b7f95f77c757" isPrimary="true" isTestCase="true" isDynamic="false">
                            <codeReference />
                            <codeLocation />
                            <metadata>
                              <entry key="TestKind">
                                <value>Test</value>
                              </entry>
                            </metadata>
                          </testStep>
                          <children />
                          <result assertCount="2044" duration="0.096584599999999993">
                            <outcome status="passed" />
                          </result>
                          <testLog>
                            <streams />
                            <attachments />
                          </testLog>
                        </testStepRun>
                        <testStepRun startTime="2008-12-13T17:40:18.8568+00:00" endTime="2008-12-13T17:40:18.9508+00:00">
                          <testStep id="78c3e11a5f668d29" name="ObjectEquals" fullName="MbUnit v3.0.5.546/Ak.Net.Dns.Test/DnsNameTest/EqualityContract/ObjectEquals" testId="be7a2e836b24787d" isPrimary="true" isTestCase="true" isDynamic="false">
                            <codeReference />
                            <codeLocation />
                            <metadata>
                              <entry key="TestKind">
                                <value>Test</value>
                              </entry>
                            </metadata>
                          </testStep>
                          <children />
                          <result assertCount="2044" duration="0.0950695">
                            <outcome status="passed" />
                          </result>
                          <testLog>
                            <streams />
                            <attachments />
                          </testLog>
                        </testStepRun>
                        <testStepRun startTime="2008-12-13T17:40:19.0928+00:00" endTime="2008-12-13T17:40:19.1118+00:00">
                          <testStep id="8a9058835c106f5d" name="ObjectGetHashCode" fullName="MbUnit v3.0.5.546/Ak.Net.Dns.Test/DnsNameTest/EqualityContract/ObjectGetHashCode" testId="b143d27c2f20b662" isPrimary="true" isTestCase="true" isDynamic="false">
                            <codeReference />
                            <codeLocation />
                            <metadata>
                              <entry key="TestKind">
                                <value>Test</value>
                              </entry>
                            </metadata>
                          </testStep>
                          <children />
                          <result assertCount="55" duration="0.0193167">
                            <outcome status="passed" />
                          </result>
                          <testLog>
                            <streams />
                            <attachments />
                          </testLog>
                        </testStepRun>
                      </children>
                      <result assertCount="4143" duration="0.49441789999999997">
                        <outcome status="passed" />
                      </result>
                      <testLog>
                        <streams />
                        <attachments />
                      </testLog>
                    </testStepRun>
                    <testStepRun startTime="2008-12-13T17:40:19.2618+00:00" endTime="2008-12-13T17:40:19.2828+00:00">
                      <testStep id="a3ccdcfed7168f8" name="parse_parses_correctly_formatted_names" fullName="MbUnit v3.0.5.546/Ak.Net.Dns.Test/DnsNameTest/parse_parses_correctly_formatted_names" testId="f7ffcbd67062b07e" isPrimary="true" isTestCase="true" isDynamic="false">
                        <codeReference assembly="Ak.Net.Dns.Test, Version=1.0.0.0, Culture=neutral, PublicKeyToken=null" namespace="Ak.Net.Dns.Test" type="Ak.Net.Dns.Test.DnsNameTest" member="parse_parses_correctly_formatted_names" />
                        <codeLocation path="d:\andyk\documents\visual-studio\Projects\Ak.Net.Dns\Ak.Net.Dns.Test\DnsNameTest.cs" line="97" />
                        <metadata>
                          <entry key="TestKind">
                            <value>Test</value>
                          </entry>
                        </metadata>
                      </testStep>
                      <children />
                      <result assertCount="52" duration="0.0215251">
                        <outcome status="passed" />
                      </result>
                      <testLog>
                        <streams />
                        <attachments />
                      </testLog>
                    </testStepRun>
                    <testStepRun startTime="2008-12-13T17:40:19.4138+00:00" endTime="2008-12-13T17:40:19.4318+00:00">
                      <testStep id="758044a137dd810c" name="parse_throws_if_name_is_empty" fullName="MbUnit v3.0.5.546/Ak.Net.Dns.Test/DnsNameTest/parse_throws_if_name_is_empty" testId="1c6f05a2f4b3c70f" isPrimary="true" isTestCase="true" isDynamic="false">
                        <codeReference assembly="Ak.Net.Dns.Test, Version=1.0.0.0, Culture=neutral, PublicKeyToken=null" namespace="Ak.Net.Dns.Test" type="Ak.Net.Dns.Test.DnsNameTest" member="parse_throws_if_name_is_empty" />
                        <codeLocation path="d:\andyk\documents\visual-studio\Projects\Ak.Net.Dns\Ak.Net.Dns.Test\DnsNameTest.cs" line="81" />
                        <metadata>
                          <entry key="TestKind">
                            <value>Test</value>
                          </entry>
                          <entry key="ExpectedException">
                            <value>System.ArgumentException</value>
                          </entry>
                        </metadata>
                      </testStep>
                      <children />
                      <result assertCount="0" duration="0.0178037">
                        <outcome status="passed" />
                      </result>
                      <testLog>
                        <streams />
                        <attachments />
                      </testLog>
                    </testStepRun>
                    <testStepRun startTime="2008-12-13T17:40:19.5568+00:00" endTime="2008-12-13T17:40:19.5748+00:00">
                      <testStep id="33ed27d434ee0d4c" name="parse_throws_if_name_is_incorrectly_formatted" fullName="MbUnit v3.0.5.546/Ak.Net.Dns.Test/DnsNameTest/parse_throws_if_name_is_incorrectly_formatted" testId="2ae864f616e7aa32" isPrimary="true" isTestCase="true" isDynamic="false">
                        <codeReference assembly="Ak.Net.Dns.Test, Version=1.0.0.0, Culture=neutral, PublicKeyToken=null" namespace="Ak.Net.Dns.Test" type="Ak.Net.Dns.Test.DnsNameTest" member="parse_throws_if_name_is_incorrectly_formatted" />
                        <codeLocation path="d:\andyk\documents\visual-studio\Projects\Ak.Net.Dns\Ak.Net.Dns.Test\DnsNameTest.cs" line="87" />
                        <metadata>
                          <entry key="TestKind">
                            <value>Test</value>
                          </entry>
                        </metadata>
                      </testStep>
                      <children />
                      <result assertCount="11" duration="0.0195498">
                        <outcome status="passed" />
                      </result>
                      <testLog>
                        <streams />
                        <attachments />
                      </testLog>
                    </testStepRun>
                    <testStepRun startTime="2008-12-13T17:40:19.6848+00:00" endTime="2008-12-13T17:40:19.7078+00:00">
                      <testStep id="10ac85493350f2ed" name="parse_throws_if_name_is_null" fullName="MbUnit v3.0.5.546/Ak.Net.Dns.Test/DnsNameTest/parse_throws_if_name_is_null" testId="b1fc4cd6e5756d10" isPrimary="true" isTestCase="true" isDynamic="false">
                        <codeReference assembly="Ak.Net.Dns.Test, Version=1.0.0.0, Culture=neutral, PublicKeyToken=null" namespace="Ak.Net.Dns.Test" type="Ak.Net.Dns.Test.DnsNameTest" member="parse_throws_if_name_is_null" />
                        <codeLocation path="d:\andyk\documents\visual-studio\Projects\Ak.Net.Dns\Ak.Net.Dns.Test\DnsNameTest.cs" line="74" />
                        <metadata>
                          <entry key="TestKind">
                            <value>Test</value>
                          </entry>
                          <entry key="ExpectedException">
                            <value>System.ArgumentNullException</value>
                          </entry>
                        </metadata>
                      </testStep>
                      <children />
                      <result assertCount="0" duration="0.0231316">
                        <outcome status="passed" />
                      </result>
                      <testLog>
                        <streams />
                        <attachments />
                      </testLog>
                    </testStepRun>
                    <testStepRun startTime="2008-12-13T17:40:19.8398+00:00" endTime="2008-12-13T17:40:19.8588+00:00">
                      <testStep id="75179d4d4aa8b07b" name="to_string_should_return_name" fullName="MbUnit v3.0.5.546/Ak.Net.Dns.Test/DnsNameTest/to_string_should_return_name" testId="e1bd6ffc481edec2" isPrimary="true" isTestCase="true" isDynamic="false">
                        <codeReference assembly="Ak.Net.Dns.Test, Version=1.0.0.0, Culture=neutral, PublicKeyToken=null" namespace="Ak.Net.Dns.Test" type="Ak.Net.Dns.Test.DnsNameTest" member="to_string_should_return_name" />
                        <codeLocation path="d:\andyk\documents\visual-studio\Projects\Ak.Net.Dns\Ak.Net.Dns.Test\DnsNameTest.cs" line="152" />
                        <metadata>
                          <entry key="TestKind">
                            <value>Test</value>
                          </entry>
                        </metadata>
                      </testStep>
                      <children />
                      <result assertCount="1" duration="0.0202869">
                        <outcome status="passed" />
                      </result>
                      <testLog>
                        <streams />
                        <attachments />
                      </testLog>
                    </testStepRun>
                    <testStepRun startTime="2008-12-13T17:40:19.9898+00:00" endTime="2008-12-13T17:40:20.0068+00:00">
                      <testStep id="e119f4d450784795" name="try_parse_identifies_incorrectly_formatted_names" fullName="MbUnit v3.0.5.546/Ak.Net.Dns.Test/DnsNameTest/try_parse_identifies_incorrectly_formatted_names" testId="b1d88700ea768caa" isPrimary="true" isTestCase="true" isDynamic="false">
                        <codeReference assembly="Ak.Net.Dns.Test, Version=1.0.0.0, Culture=neutral, PublicKeyToken=null" namespace="Ak.Net.Dns.Test" type="Ak.Net.Dns.Test.DnsNameTest" member="try_parse_identifies_incorrectly_formatted_names" />
                        <codeLocation path="d:\andyk\documents\visual-studio\Projects\Ak.Net.Dns\Ak.Net.Dns.Test\DnsNameTest.cs" line="111" />
                        <metadata>
                          <entry key="TestKind">
                            <value>Test</value>
                          </entry>
                        </metadata>
                      </testStep>
                      <children />
                      <result assertCount="22" duration="0.018212199999999998">
                        <outcome status="passed" />
                      </result>
                      <testLog>
                        <streams />
                        <attachments />
                      </testLog>
                    </testStepRun>
                    <testStepRun startTime="2008-12-13T17:40:20.1228+00:00" endTime="2008-12-13T17:40:20.1418+00:00">
                      <testStep id="c12148fec969eadc" name="try_parse_parses_correctly_formatted_names" fullName="MbUnit v3.0.5.546/Ak.Net.Dns.Test/DnsNameTest/try_parse_parses_correctly_formatted_names" testId="6d1d389e6b034f26" isPrimary="true" isTestCase="true" isDynamic="false">
                        <codeReference assembly="Ak.Net.Dns.Test, Version=1.0.0.0, Culture=neutral, PublicKeyToken=null" namespace="Ak.Net.Dns.Test" type="Ak.Net.Dns.Test.DnsNameTest" member="try_parse_parses_correctly_formatted_names" />
                        <codeLocation path="d:\andyk\documents\visual-studio\Projects\Ak.Net.Dns\Ak.Net.Dns.Test\DnsNameTest.cs" line="122" />
                        <metadata>
                          <entry key="TestKind">
                            <value>Test</value>
                          </entry>
                        </metadata>
                      </testStep>
                      <children />
                      <result assertCount="65" duration="0.020089799999999998">
                        <outcome status="passed" />
                      </result>
                      <testLog>
                        <streams />
                        <attachments />
                      </testLog>
                    </testStepRun>
                  </children>
                  <result assertCount="4671" duration="2.8349517">
                    <outcome status="passed" />
                  </result>
                  <testLog>
                    <streams />
                    <attachments />
                  </testLog>
                </testStepRun>
                <testStepRun startTime="2008-12-13T17:40:20.3788+00:00" endTime="2008-12-13T17:40:21.2198+00:00">
                  <testStep id="c75ae87b4fc3c226" name="DnsResolutionExceptionTest" fullName="MbUnit v3.0.5.546/Ak.Net.Dns.Test/DnsResolutionExceptionTest" testId="c946d49a940c2ad9" isPrimary="true" isTestCase="false" isDynamic="false">
                    <codeReference assembly="Ak.Net.Dns.Test, Version=1.0.0.0, Culture=neutral, PublicKeyToken=null" namespace="Ak.Net.Dns.Test" type="Ak.Net.Dns.Test.DnsResolutionExceptionTest" />
                    <codeLocation path="D:\andyk\documents\visual-studio\Projects\Ak.Net.Dns\Ak.Net.Dns.Test\bin\Debug\Ak.Net.Dns.Test.DLL" />
                    <metadata>
                      <entry key="TestKind">
                        <value>Fixture</value>
                      </entry>
                      <entry key="TestsOn">
                        <value>Ak.Net.Dns.DnsResolutionException, Ak.Net.Dns, Version=1.0.0.0, Culture=neutral, PublicKeyToken=05236629ed6a9b9e</value>
                      </entry>
                    </metadata>
                  </testStep>
                  <children>
                    <testStepRun startTime="2008-12-13T17:40:20.3968+00:00" endTime="2008-12-13T17:40:21.0938+00:00">
                      <testStep id="4be71b3119f27d84" name="ExceptionContract" fullName="MbUnit v3.0.5.546/Ak.Net.Dns.Test/DnsResolutionExceptionTest/ExceptionContract" testId="1e331fc307ad9b63" isPrimary="true" isTestCase="false" isDynamic="false">
                        <codeReference />
                        <codeLocation />
                        <metadata>
                          <entry key="TestKind">
                            <value>Group</value>
                          </entry>
                        </metadata>
                      </testStep>
                      <children>
                        <testStepRun startTime="2008-12-13T17:40:20.4118+00:00" endTime="2008-12-13T17:40:20.4268+00:00">
                          <testStep id="476d4425a3dc029b" name="HasSerializableAttribute" fullName="MbUnit v3.0.5.546/Ak.Net.Dns.Test/DnsResolutionExceptionTest/ExceptionContract/HasSerializableAttribute" testId="5857d85b09374363" isPrimary="true" isTestCase="true" isDynamic="false">
                            <codeReference />
                            <codeLocation />
                            <metadata>
                              <entry key="TestKind">
                                <value>Test</value>
                              </entry>
                            </metadata>
                          </testStep>
                          <children />
                          <result assertCount="1" duration="0.0154051">
                            <outcome status="passed" />
                          </result>
                          <testLog>
                            <streams />
                            <attachments />
                          </testLog>
                        </testStepRun>
                        <testStepRun startTime="2008-12-13T17:40:20.5518+00:00" endTime="2008-12-13T17:40:20.5698+00:00">
                          <testStep id="f0c9a3f99d68bc15" name="HasSerializationConstructor" fullName="MbUnit v3.0.5.546/Ak.Net.Dns.Test/DnsResolutionExceptionTest/ExceptionContract/HasSerializationConstructor" testId="eaa743b6b98162eb" isPrimary="true" isTestCase="true" isDynamic="false">
                            <codeReference />
                            <codeLocation />
                            <metadata>
                              <entry key="TestKind">
                                <value>Test</value>
                              </entry>
                            </metadata>
                          </testStep>
                          <children />
                          <result assertCount="1" duration="0.0179652">
                            <outcome status="passed" />
                          </result>
                          <testLog>
                            <streams />
                            <attachments />
                          </testLog>
                        </testStepRun>
                        <testStepRun startTime="2008-12-13T17:40:20.6688+00:00" endTime="2008-12-13T17:40:20.6858+00:00">
                          <testStep id="eb19dd9bb2e17058" name="IsDefaultConstructorWellDefined" fullName="MbUnit v3.0.5.546/Ak.Net.Dns.Test/DnsResolutionExceptionTest/ExceptionContract/IsDefaultConstructorWellDefined" testId="d3968ce6e017045" isPrimary="true" isTestCase="true" isDynamic="false">
                            <codeReference />
                            <codeLocation />
                            <metadata>
                              <entry key="TestKind">
                                <value>Test</value>
                              </entry>
                            </metadata>
                          </testStep>
                          <children />
                          <result assertCount="6" duration="0.0183537">
                            <outcome status="passed" />
                          </result>
                          <testLog>
                            <streams />
                            <attachments />
                          </testLog>
                        </testStepRun>
                        <testStepRun startTime="2008-12-13T17:40:20.8198+00:00" endTime="2008-12-13T17:40:20.8378+00:00">
                          <testStep id="ff80cfc136cf74b6" name="IsMessageAndInnerExceptionConstructorWellDefined" fullName="MbUnit v3.0.5.546/Ak.Net.Dns.Test/DnsResolutionExceptionTest/ExceptionContract/IsMessageAndInnerExceptionConstructorWellDefined" testId="d01e849970fbacb3" isPrimary="true" isTestCase="true" isDynamic="false">
                            <codeReference />
                            <codeLocation />
                            <metadata>
                              <entry key="TestKind">
                                <value>Test</value>
                              </entry>
                            </metadata>
                          </testStep>
                          <children />
                          <result assertCount="31" duration="0.0219687">
                            <outcome status="passed" />
                          </result>
                          <testLog>
                            <streams />
                            <attachments />
                          </testLog>
                        </testStepRun>
                        <testStepRun startTime="2008-12-13T17:40:20.9688+00:00" endTime="2008-12-13T17:40:20.9868+00:00">
                          <testStep id="fa1852d9521066f4" name="IsMessageConstructorWellDefined" fullName="MbUnit v3.0.5.546/Ak.Net.Dns.Test/DnsResolutionExceptionTest/ExceptionContract/IsMessageConstructorWellDefined" testId="232a6f699564d021" isPrimary="true" isTestCase="true" isDynamic="false">
                            <codeReference />
                            <codeLocation />
                            <metadata>
                              <entry key="TestKind">
                                <value>Test</value>
                              </entry>
                            </metadata>
                          </testStep>
                          <children />
                          <result assertCount="16" duration="0.0185842">
                            <outcome status="passed" />
                          </result>
                          <testLog>
                            <streams />
                            <attachments />
                          </testLog>
                        </testStepRun>
                      </children>
                      <result assertCount="55" duration="0.69690219999999992">
                        <outcome status="passed" />
                      </result>
                      <testLog>
                        <streams />
                        <attachments />
                      </testLog>
                    </testStepRun>
                  </children>
                  <result assertCount="55" duration="0.8421034">
                    <outcome status="passed" />
                  </result>
                  <testLog>
                    <streams />
                    <attachments />
                  </testLog>
                </testStepRun>
                <testStepRun startTime="2008-12-13T17:40:21.3418+00:00" endTime="2008-12-13T17:40:22.2618+00:00">
                  <testStep id="a28dd7ac5ae6edf0" name="DnsTransportExceptionTest" fullName="MbUnit v3.0.5.546/Ak.Net.Dns.Test/DnsTransportExceptionTest" testId="c09a9da6937be05f" isPrimary="true" isTestCase="false" isDynamic="false">
                    <codeReference assembly="Ak.Net.Dns.Test, Version=1.0.0.0, Culture=neutral, PublicKeyToken=null" namespace="Ak.Net.Dns.Test" type="Ak.Net.Dns.Test.DnsTransportExceptionTest" />
                    <codeLocation path="D:\andyk\documents\visual-studio\Projects\Ak.Net.Dns\Ak.Net.Dns.Test\bin\Debug\Ak.Net.Dns.Test.DLL" />
                    <metadata>
                      <entry key="TestKind">
                        <value>Fixture</value>
                      </entry>
                      <entry key="TestsOn">
                        <value>Ak.Net.Dns.DnsTransportException, Ak.Net.Dns, Version=1.0.0.0, Culture=neutral, PublicKeyToken=05236629ed6a9b9e</value>
                      </entry>
                    </metadata>
                  </testStep>
                  <children>
                    <testStepRun startTime="2008-12-13T17:40:21.3648+00:00" endTime="2008-12-13T17:40:22.1148+00:00">
                      <testStep id="65abd09b1a480634" name="ExceptionContract" fullName="MbUnit v3.0.5.546/Ak.Net.Dns.Test/DnsTransportExceptionTest/ExceptionContract" testId="439c4513721f46a2" isPrimary="true" isTestCase="false" isDynamic="false">
                        <codeReference />
                        <codeLocation />
                        <metadata>
                          <entry key="TestKind">
                            <value>Group</value>
                          </entry>
                        </metadata>
                      </testStep>
                      <children>
                        <testStepRun startTime="2008-12-13T17:40:21.3798+00:00" endTime="2008-12-13T17:40:21.4008+00:00">
                          <testStep id="9d7db1912d7879f5" name="HasSerializableAttribute" fullName="MbUnit v3.0.5.546/Ak.Net.Dns.Test/DnsTransportExceptionTest/ExceptionContract/HasSerializableAttribute" testId="1260d689b625479" isPrimary="true" isTestCase="true" isDynamic="false">
                            <codeReference />
                            <codeLocation />
                            <metadata>
                              <entry key="TestKind">
                                <value>Test</value>
                              </entry>
                            </metadata>
                          </testStep>
                          <children />
                          <result assertCount="1" duration="0.021209799999999997">
                            <outcome status="passed" />
                          </result>
                          <testLog>
                            <streams />
                            <attachments />
                          </testLog>
                        </testStepRun>
                        <testStepRun startTime="2008-12-13T17:40:21.5218+00:00" endTime="2008-12-13T17:40:21.5388+00:00">
                          <testStep id="3bb73a848661f6ed" name="HasSerializationConstructor" fullName="MbUnit v3.0.5.546/Ak.Net.Dns.Test/DnsTransportExceptionTest/ExceptionContract/HasSerializationConstructor" testId="bf02b337124b9641" isPrimary="true" isTestCase="true" isDynamic="false">
                            <codeReference />
                            <codeLocation />
                            <metadata>
                              <entry key="TestKind">
                                <value>Test</value>
                              </entry>
                            </metadata>
                          </testStep>
                          <children />
                          <result assertCount="1" duration="0.017215599999999998">
                            <outcome status="passed" />
                          </result>
                          <testLog>
                            <streams />
                            <attachments />
                          </testLog>
                        </testStepRun>
                        <testStepRun startTime="2008-12-13T17:40:21.6598+00:00" endTime="2008-12-13T17:40:21.6758+00:00">
                          <testStep id="45ac6d6df9228b5e" name="IsDefaultConstructorWellDefined" fullName="MbUnit v3.0.5.546/Ak.Net.Dns.Test/DnsTransportExceptionTest/ExceptionContract/IsDefaultConstructorWellDefined" testId="56bb379adbc08141" isPrimary="true" isTestCase="true" isDynamic="false">
                            <codeReference />
                            <codeLocation />
                            <metadata>
                              <entry key="TestKind">
                                <value>Test</value>
                              </entry>
                            </metadata>
                          </testStep>
                          <children />
                          <result assertCount="6" duration="0.0167999">
                            <outcome status="passed" />
                          </result>
                          <testLog>
                            <streams />
                            <attachments />
                          </testLog>
                        </testStepRun>
                        <testStepRun startTime="2008-12-13T17:40:21.7848+00:00" endTime="2008-12-13T17:40:21.8038+00:00">
                          <testStep id="6cace5bb44106f08" name="IsMessageAndInnerExceptionConstructorWellDefined" fullName="MbUnit v3.0.5.546/Ak.Net.Dns.Test/DnsTransportExceptionTest/ExceptionContract/IsMessageAndInnerExceptionConstructorWellDefined" testId="a34aa0acf911b510" isPrimary="true" isTestCase="true" isDynamic="false">
                            <codeReference />
                            <codeLocation />
                            <metadata>
                              <entry key="TestKind">
                                <value>Test</value>
                              </entry>
                            </metadata>
                          </testStep>
                          <children />
                          <result assertCount="31" duration="0.0199558">
                            <outcome status="passed" />
                          </result>
                          <testLog>
                            <streams />
                            <attachments />
                          </testLog>
                        </testStepRun>
                        <testStepRun startTime="2008-12-13T17:40:21.9368+00:00" endTime="2008-12-13T17:40:21.9598+00:00">
                          <testStep id="b0e721aca4643234" name="IsMessageConstructorWellDefined" fullName="MbUnit v3.0.5.546/Ak.Net.Dns.Test/DnsTransportExceptionTest/ExceptionContract/IsMessageConstructorWellDefined" testId="fcdf799f6864b4e0" isPrimary="true" isTestCase="true" isDynamic="false">
                            <codeReference />
                            <codeLocation />
                            <metadata>
                              <entry key="TestKind">
                                <value>Test</value>
                              </entry>
                            </metadata>
                          </testStep>
                          <children />
                          <result assertCount="16" duration="0.0229873">
                            <outcome status="passed" />
                          </result>
                          <testLog>
                            <streams />
                            <attachments />
                          </testLog>
                        </testStepRun>
                      </children>
                      <result assertCount="55" duration="0.75098429999999994">
                        <outcome status="passed" />
                      </result>
                      <testLog>
                        <streams />
                        <attachments />
                      </testLog>
                    </testStepRun>
                  </children>
                  <result assertCount="55" duration="0.92167899999999992">
                    <outcome status="passed" />
                  </result>
                  <testLog>
                    <streams />
                    <attachments />
                  </testLog>
                </testStepRun>
              </children>
              <result assertCount="4891" duration="6.716595">
                <outcome status="passed" />
              </result>
              <testLog>
                <streams />
                <attachments />
              </testLog>
            </testStepRun>
          </children>
          <result assertCount="4891" duration="6.8958762999999994">
            <outcome status="passed" />
          </result>
          <testLog>
            <streams />
            <attachments />
          </testLog>
        </testStepRun>
      </children>
      <result assertCount="4891" duration="7.2468924999999995">
        <outcome status="passed" />
      </result>
      <testLog>
        <streams />
        <attachments />
      </testLog>
    </testStepRun>
    <statistics assertCount="4891" duration="7.2811923999999992" runCount="37" passedCount="37" failedCount="0" inconclusiveCount="0" skippedCount="0" testCount="37" stepCount="51">
      <outcomeSummaries>
        <outcomeSummary count="37">
          <outcome status="passed" />
        </outcomeSummary>
      </outcomeSummaries>
    </statistics>
  </testPackageRun>
</report>