<?xml version="1.0" encoding="utf-8"?>
<report xmlns:xsi="http://www.w3.org/2001/XMLSchema-instance" xmlns:xsd="http://www.w3.org/2001/XMLSchema" xmlns="http://www.gallio.org/">
  <testPackageConfig>
    <assemblyFiles>
      <assemblyFile>D:\andyk\documents\visual-studio\Projects\Ak.Net.Dns\Ak.Net.Dns.Test\bin\Debug\Ak.Net.Dns.Test.dll</assemblyFile>
    </assemblyFiles>
    <hintDirectories />
    <excludedFrameworkIds />
    <hostSetup enableShadowCopy="false" configurationFileLocation="appBase" processorArchitecture="None">
      <configuration legacyUnhandledExceptionPolicyEnabled="true" assertUiEnabled="false" remotingCustomErrorsEnabled="false">
        <assemblyQualifications />
        <assemblyDependencies />
        <supportedRuntimeVersions />
      </configuration>
    </hostSetup>
  </testPackageConfig>
  <testModel>
    <test id="c2722843734a7a54" name="Root" fullName="" isTestCase="false">
      <codeReference />
      <codeLocation />
      <metadata>
        <entry key="TestKind">
          <value>Root</value>
        </entry>
      </metadata>
      <children>
        <test id="e9ba7b32f33cfad8" name="MbUnit v3.0.5.546" fullName="MbUnit v3.0.5.546" isTestCase="false">
          <codeReference />
          <codeLocation />
          <metadata>
            <entry key="TestKind">
              <value>Framework</value>
            </entry>
          </metadata>
          <children>
            <test id="3aa4d427857484c" name="Ak.Net.Dns.Test" fullName="MbUnit v3.0.5.546/Ak.Net.Dns.Test" isTestCase="false">
              <codeReference assembly="Ak.Net.Dns.Test, Version=1.0.0.0, Culture=neutral, PublicKeyToken=null" />
              <codeLocation path="D:\andyk\documents\visual-studio\Projects\Ak.Net.Dns\Ak.Net.Dns.Test\bin\Debug\Ak.Net.Dns.Test.DLL" />
              <metadata>
                <entry key="TestKind">
                  <value>Assembly</value>
                </entry>
                <entry key="CodeBase">
                  <value>D:\andyk\documents\visual-studio\Projects\Ak.Net.Dns\Ak.Net.Dns.Test\bin\Debug\Ak.Net.Dns.Test.DLL</value>
                </entry>
                <entry key="Company">
                  <value>Andy Kernahan</value>
                </entry>
                <entry key="Copyright">
                  <value>Copyright © Andy Kernahan 2008</value>
                </entry>
                <entry key="Description">
                  <value>Unit Tests for Domain Name System Library for .NET 3.5</value>
                </entry>
                <entry key="FileVersion">
                  <value>1.0.0.0</value>
                </entry>
                <entry key="Product">
                  <value>Ak.Net.Dns.Test</value>
                </entry>
                <entry key="Title">
                  <value>Unit Tests for DNS for .NET 3.5</value>
                </entry>
                <entry key="Trademark">
                  <value>Andy Kernahan</value>
                </entry>
                <entry key="Version">
                  <value>1.0.0.0</value>
                </entry>
              </metadata>
              <children>
                <test id="c09a9da6937be05f" name="DnsTransportExceptionTest" fullName="MbUnit v3.0.5.546/Ak.Net.Dns.Test/DnsTransportExceptionTest" isTestCase="false">
                  <codeReference assembly="Ak.Net.Dns.Test, Version=1.0.0.0, Culture=neutral, PublicKeyToken=null" namespace="Ak.Net.Dns.Test" type="Ak.Net.Dns.Test.DnsTransportExceptionTest" />
                  <codeLocation path="D:\andyk\documents\visual-studio\Projects\Ak.Net.Dns\Ak.Net.Dns.Test\bin\Debug\Ak.Net.Dns.Test.DLL" />
                  <metadata>
                    <entry key="TestKind">
                      <value>Fixture</value>
                    </entry>
                    <entry key="TestsOn">
                      <value>Ak.Net.Dns.DnsTransportException, Ak.Net.Dns, Version=1.0.0.0, Culture=neutral, PublicKeyToken=05236629ed6a9b9e</value>
                    </entry>
                  </metadata>
                  <children>
                    <test id="439c4513721f46a2" name="ExceptionContract" fullName="MbUnit v3.0.5.546/Ak.Net.Dns.Test/DnsTransportExceptionTest/ExceptionContract" isTestCase="false">
                      <codeReference />
                      <codeLocation />
                      <metadata>
                        <entry key="TestKind">
                          <value>Group</value>
                        </entry>
                      </metadata>
                      <children>
                        <test id="1260d689b625479" name="HasSerializableAttribute" fullName="MbUnit v3.0.5.546/Ak.Net.Dns.Test/DnsTransportExceptionTest/ExceptionContract/HasSerializableAttribute" isTestCase="true">
                          <codeReference />
                          <codeLocation />
                          <metadata>
                            <entry key="TestKind">
                              <value>Test</value>
                            </entry>
                          </metadata>
                          <children />
                          <parameters />
                        </test>
                        <test id="bf02b337124b9641" name="HasSerializationConstructor" fullName="MbUnit v3.0.5.546/Ak.Net.Dns.Test/DnsTransportExceptionTest/ExceptionContract/HasSerializationConstructor" isTestCase="true">
                          <codeReference />
                          <codeLocation />
                          <metadata>
                            <entry key="TestKind">
                              <value>Test</value>
                            </entry>
                          </metadata>
                          <children />
                          <parameters />
                        </test>
                        <test id="56bb379adbc08141" name="IsDefaultConstructorWellDefined" fullName="MbUnit v3.0.5.546/Ak.Net.Dns.Test/DnsTransportExceptionTest/ExceptionContract/IsDefaultConstructorWellDefined" isTestCase="true">
                          <codeReference />
                          <codeLocation />
                          <metadata>
                            <entry key="TestKind">
                              <value>Test</value>
                            </entry>
                          </metadata>
                          <children />
                          <parameters />
                        </test>
                        <test id="fcdf799f6864b4e0" name="IsMessageConstructorWellDefined" fullName="MbUnit v3.0.5.546/Ak.Net.Dns.Test/DnsTransportExceptionTest/ExceptionContract/IsMessageConstructorWellDefined" isTestCase="true">
                          <codeReference />
                          <codeLocation />
                          <metadata>
                            <entry key="TestKind">
                              <value>Test</value>
                            </entry>
                          </metadata>
                          <children />
                          <parameters />
                        </test>
                        <test id="a34aa0acf911b510" name="IsMessageAndInnerExceptionConstructorWellDefined" fullName="MbUnit v3.0.5.546/Ak.Net.Dns.Test/DnsTransportExceptionTest/ExceptionContract/IsMessageAndInnerExceptionConstructorWellDefined" isTestCase="true">
                          <codeReference />
                          <codeLocation />
                          <metadata>
                            <entry key="TestKind">
                              <value>Test</value>
                            </entry>
                          </metadata>
                          <children />
                          <parameters />
                        </test>
                      </children>
                      <parameters />
                    </test>
                  </children>
                  <parameters />
                </test>
                <test id="c946d49a940c2ad9" name="DnsResolutionExceptionTest" fullName="MbUnit v3.0.5.546/Ak.Net.Dns.Test/DnsResolutionExceptionTest" isTestCase="false">
                  <codeReference assembly="Ak.Net.Dns.Test, Version=1.0.0.0, Culture=neutral, PublicKeyToken=null" namespace="Ak.Net.Dns.Test" type="Ak.Net.Dns.Test.DnsResolutionExceptionTest" />
                  <codeLocation path="D:\andyk\documents\visual-studio\Projects\Ak.Net.Dns\Ak.Net.Dns.Test\bin\Debug\Ak.Net.Dns.Test.DLL" />
                  <metadata>
                    <entry key="TestKind">
                      <value>Fixture</value>
                    </entry>
                    <entry key="TestsOn">
                      <value>Ak.Net.Dns.DnsResolutionException, Ak.Net.Dns, Version=1.0.0.0, Culture=neutral, PublicKeyToken=05236629ed6a9b9e</value>
                    </entry>
                  </metadata>
                  <children>
                    <test id="1e331fc307ad9b63" name="ExceptionContract" fullName="MbUnit v3.0.5.546/Ak.Net.Dns.Test/DnsResolutionExceptionTest/ExceptionContract" isTestCase="false">
                      <codeReference />
                      <codeLocation />
                      <metadata>
                        <entry key="TestKind">
                          <value>Group</value>
                        </entry>
                      </metadata>
                      <children>
                        <test id="5857d85b09374363" name="HasSerializableAttribute" fullName="MbUnit v3.0.5.546/Ak.Net.Dns.Test/DnsResolutionExceptionTest/ExceptionContract/HasSerializableAttribute" isTestCase="true">
                          <codeReference />
                          <codeLocation />
                          <metadata>
                            <entry key="TestKind">
                              <value>Test</value>
                            </entry>
                          </metadata>
                          <children />
                          <parameters />
                        </test>
                        <test id="eaa743b6b98162eb" name="HasSerializationConstructor" fullName="MbUnit v3.0.5.546/Ak.Net.Dns.Test/DnsResolutionExceptionTest/ExceptionContract/HasSerializationConstructor" isTestCase="true">
                          <codeReference />
                          <codeLocation />
                          <metadata>
                            <entry key="TestKind">
                              <value>Test</value>
                            </entry>
                          </metadata>
                          <children />
                          <parameters />
                        </test>
                        <test id="d3968ce6e017045" name="IsDefaultConstructorWellDefined" fullName="MbUnit v3.0.5.546/Ak.Net.Dns.Test/DnsResolutionExceptionTest/ExceptionContract/IsDefaultConstructorWellDefined" isTestCase="true">
                          <codeReference />
                          <codeLocation />
                          <metadata>
                            <entry key="TestKind">
                              <value>Test</value>
                            </entry>
                          </metadata>
                          <children />
                          <parameters />
                        </test>
                        <test id="232a6f699564d021" name="IsMessageConstructorWellDefined" fullName="MbUnit v3.0.5.546/Ak.Net.Dns.Test/DnsResolutionExceptionTest/ExceptionContract/IsMessageConstructorWellDefined" isTestCase="true">
                          <codeReference />
                          <codeLocation />
                          <metadata>
                            <entry key="TestKind">
                              <value>Test</value>
                            </entry>
                          </metadata>
                          <children />
                          <parameters />
                        </test>
                        <test id="d01e849970fbacb3" name="IsMessageAndInnerExceptionConstructorWellDefined" fullName="MbUnit v3.0.5.546/Ak.Net.Dns.Test/DnsResolutionExceptionTest/ExceptionContract/IsMessageAndInnerExceptionConstructorWellDefined" isTestCase="true">
                          <codeReference />
                          <codeLocation />
                          <metadata>
                            <entry key="TestKind">
                              <value>Test</value>
                            </entry>
                          </metadata>
                          <children />
                          <parameters />
                        </test>
                      </children>
                      <parameters />
                    </test>
                  </children>
                  <parameters />
                </test>
                <test id="baeba53598a8bb1a" name="DnsExceptionTest" fullName="MbUnit v3.0.5.546/Ak.Net.Dns.Test/DnsExceptionTest" isTestCase="false">
                  <codeReference assembly="Ak.Net.Dns.Test, Version=1.0.0.0, Culture=neutral, PublicKeyToken=null" namespace="Ak.Net.Dns.Test" type="Ak.Net.Dns.Test.DnsExceptionTest" />
                  <codeLocation path="D:\andyk\documents\visual-studio\Projects\Ak.Net.Dns\Ak.Net.Dns.Test\bin\Debug\Ak.Net.Dns.Test.DLL" />
                  <metadata>
                    <entry key="TestKind">
                      <value>Fixture</value>
                    </entry>
                    <entry key="TestsOn">
                      <value>Ak.Net.Dns.DnsException, Ak.Net.Dns, Version=1.0.0.0, Culture=neutral, PublicKeyToken=05236629ed6a9b9e</value>
                    </entry>
                  </metadata>
                  <children>
                    <test id="400e27dba3088f5" name="ExceptionContract" fullName="MbUnit v3.0.5.546/Ak.Net.Dns.Test/DnsExceptionTest/ExceptionContract" isTestCase="false">
                      <codeReference />
                      <codeLocation />
                      <metadata>
                        <entry key="TestKind">
                          <value>Group</value>
                        </entry>
                      </metadata>
                      <children>
                        <test id="ca97e9ae59fd647a" name="HasSerializableAttribute" fullName="MbUnit v3.0.5.546/Ak.Net.Dns.Test/DnsExceptionTest/ExceptionContract/HasSerializableAttribute" isTestCase="true">
                          <codeReference />
                          <codeLocation />
                          <metadata>
                            <entry key="TestKind">
                              <value>Test</value>
                            </entry>
                          </metadata>
                          <children />
                          <parameters />
                        </test>
                        <test id="6451c5273fc3094f" name="HasSerializationConstructor" fullName="MbUnit v3.0.5.546/Ak.Net.Dns.Test/DnsExceptionTest/ExceptionContract/HasSerializationConstructor" isTestCase="true">
                          <codeReference />
                          <codeLocation />
                          <metadata>
                            <entry key="TestKind">
                              <value>Test</value>
                            </entry>
                          </metadata>
                          <children />
                          <parameters />
                        </test>
                        <test id="ecd482b58078bb04" name="IsDefaultConstructorWellDefined" fullName="MbUnit v3.0.5.546/Ak.Net.Dns.Test/DnsExceptionTest/ExceptionContract/IsDefaultConstructorWellDefined" isTestCase="true">
                          <codeReference />
                          <codeLocation />
                          <metadata>
                            <entry key="TestKind">
                              <value>Test</value>
                            </entry>
                          </metadata>
                          <children />
                          <parameters />
                        </test>
                        <test id="bb2ad231888ba8e6" name="IsMessageConstructorWellDefined" fullName="MbUnit v3.0.5.546/Ak.Net.Dns.Test/DnsExceptionTest/ExceptionContract/IsMessageConstructorWellDefined" isTestCase="true">
                          <codeReference />
                          <codeLocation />
                          <metadata>
                            <entry key="TestKind">
                              <value>Test</value>
                            </entry>
                          </metadata>
                          <children />
                          <parameters />
                        </test>
                        <test id="7a7cea80af7c2958" name="IsMessageAndInnerExceptionConstructorWellDefined" fullName="MbUnit v3.0.5.546/Ak.Net.Dns.Test/DnsExceptionTest/ExceptionContract/IsMessageAndInnerExceptionConstructorWellDefined" isTestCase="true">
                          <codeReference />
                          <codeLocation />
                          <metadata>
                            <entry key="TestKind">
                              <value>Test</value>
                            </entry>
                          </metadata>
                          <children />
                          <parameters />
                        </test>
                      </children>
                      <parameters />
                    </test>
                  </children>
                  <parameters />
                </test>
                <test id="4a5ab2fa812d44e8" name="DnsFormatExceptionTest" fullName="MbUnit v3.0.5.546/Ak.Net.Dns.Test/DnsFormatExceptionTest" isTestCase="false">
                  <codeReference assembly="Ak.Net.Dns.Test, Version=1.0.0.0, Culture=neutral, PublicKeyToken=null" namespace="Ak.Net.Dns.Test" type="Ak.Net.Dns.Test.DnsFormatExceptionTest" />
                  <codeLocation path="D:\andyk\documents\visual-studio\Projects\Ak.Net.Dns\Ak.Net.Dns.Test\bin\Debug\Ak.Net.Dns.Test.DLL" />
                  <metadata>
                    <entry key="TestKind">
                      <value>Fixture</value>
                    </entry>
                    <entry key="TestsOn">
                      <value>Ak.Net.Dns.DnsFormatException, Ak.Net.Dns, Version=1.0.0.0, Culture=neutral, PublicKeyToken=05236629ed6a9b9e</value>
                    </entry>
                  </metadata>
                  <children>
                    <test id="73ef6f04336945d9" name="ExceptionContract" fullName="MbUnit v3.0.5.546/Ak.Net.Dns.Test/DnsFormatExceptionTest/ExceptionContract" isTestCase="false">
                      <codeReference />
                      <codeLocation />
                      <metadata>
                        <entry key="TestKind">
                          <value>Group</value>
                        </entry>
                      </metadata>
                      <children>
                        <test id="78e851641a6aaa65" name="HasSerializableAttribute" fullName="MbUnit v3.0.5.546/Ak.Net.Dns.Test/DnsFormatExceptionTest/ExceptionContract/HasSerializableAttribute" isTestCase="true">
                          <codeReference />
                          <codeLocation />
                          <metadata>
                            <entry key="TestKind">
                              <value>Test</value>
                            </entry>
                          </metadata>
                          <children />
                          <parameters />
                        </test>
                        <test id="bec75193a5676056" name="HasSerializationConstructor" fullName="MbUnit v3.0.5.546/Ak.Net.Dns.Test/DnsFormatExceptionTest/ExceptionContract/HasSerializationConstructor" isTestCase="true">
                          <codeReference />
                          <codeLocation />
                          <metadata>
                            <entry key="TestKind">
                              <value>Test</value>
                            </entry>
                          </metadata>
                          <children />
                          <parameters />
                        </test>
                        <test id="a4cfc3b7a5fd7784" name="IsDefaultConstructorWellDefined" fullName="MbUnit v3.0.5.546/Ak.Net.Dns.Test/DnsFormatExceptionTest/ExceptionContract/IsDefaultConstructorWellDefined" isTestCase="true">
                          <codeReference />
                          <codeLocation />
                          <metadata>
                            <entry key="TestKind">
                              <value>Test</value>
                            </entry>
                          </metadata>
                          <children />
                          <parameters />
                        </test>
                        <test id="cf4b9ef4536fca5" name="IsMessageConstructorWellDefined" fullName="MbUnit v3.0.5.546/Ak.Net.Dns.Test/DnsFormatExceptionTest/ExceptionContract/IsMessageConstructorWellDefined" isTestCase="true">
                          <codeReference />
                          <codeLocation />
                          <metadata>
                            <entry key="TestKind">
                              <value>Test</value>
                            </entry>
                          </metadata>
                          <children />
                          <parameters />
                        </test>
                        <test id="c8bd5d493ee0d8b9" name="IsMessageAndInnerExceptionConstructorWellDefined" fullName="MbUnit v3.0.5.546/Ak.Net.Dns.Test/DnsFormatExceptionTest/ExceptionContract/IsMessageAndInnerExceptionConstructorWellDefined" isTestCase="true">
                          <codeReference />
                          <codeLocation />
                          <metadata>
                            <entry key="TestKind">
                              <value>Test</value>
                            </entry>
                          </metadata>
                          <children />
                          <parameters />
                        </test>
                      </children>
                      <parameters />
                    </test>
                  </children>
                  <parameters />
                </test>
                <test id="f7c164e6bc63635f" name="DnsNameText" fullName="MbUnit v3.0.5.546/Ak.Net.Dns.Test/DnsNameText" isTestCase="false">
                  <codeReference assembly="Ak.Net.Dns.Test, Version=1.0.0.0, Culture=neutral, PublicKeyToken=null" namespace="Ak.Net.Dns.Test" type="Ak.Net.Dns.Test.DnsNameText" />
                  <codeLocation path="d:\andyk\documents\visual-studio\Projects\Ak.Net.Dns\Ak.Net.Dns.Test\DnsNameText.cs" />
                  <metadata>
                    <entry key="TestKind">
                      <value>Fixture</value>
                    </entry>
                    <entry key="TestsOn">
                      <value>Ak.Net.Dns.DnsName, Ak.Net.Dns, Version=1.0.0.0, Culture=neutral, PublicKeyToken=05236629ed6a9b9e</value>
                    </entry>
                  </metadata>
                  <children>
                    <test id="e9e4df214857e19e" name="append_returns_correctly_formatted_name" fullName="MbUnit v3.0.5.546/Ak.Net.Dns.Test/DnsNameText/append_returns_correctly_formatted_name" isTestCase="true">
                      <codeReference assembly="Ak.Net.Dns.Test, Version=1.0.0.0, Culture=neutral, PublicKeyToken=null" namespace="Ak.Net.Dns.Test" type="Ak.Net.Dns.Test.DnsNameText" member="append_returns_correctly_formatted_name" />
                      <codeLocation path="d:\andyk\documents\visual-studio\Projects\Ak.Net.Dns\Ak.Net.Dns.Test\DnsNameText.cs" line="195" />
                      <metadata>
                        <entry key="TestKind">
                          <value>Test</value>
                        </entry>
                      </metadata>
                      <children />
                      <parameters />
                    </test>
                    <test id="5bdf9f2d9c580409" name="append_returns_a_new_instance_and_does_not_modify_this" fullName="MbUnit v3.0.5.546/Ak.Net.Dns.Test/DnsNameText/append_returns_a_new_instance_and_does_not_modify_this" isTestCase="true">
                      <codeReference assembly="Ak.Net.Dns.Test, Version=1.0.0.0, Culture=neutral, PublicKeyToken=null" namespace="Ak.Net.Dns.Test" type="Ak.Net.Dns.Test.DnsNameText" member="append_returns_a_new_instance_and_does_not_modify_this" />
                      <codeLocation path="d:\andyk\documents\visual-studio\Projects\Ak.Net.Dns\Ak.Net.Dns.Test\DnsNameText.cs" line="179" />
                      <metadata>
                        <entry key="TestKind">
                          <value>Test</value>
                        </entry>
                      </metadata>
                      <children />
                      <parameters />
                    </test>
                    <test id="d5bdc651718cb257" name="parse_throws_if_name_is_null" fullName="MbUnit v3.0.5.546/Ak.Net.Dns.Test/DnsNameText/parse_throws_if_name_is_null" isTestCase="true">
                      <codeReference assembly="Ak.Net.Dns.Test, Version=1.0.0.0, Culture=neutral, PublicKeyToken=null" namespace="Ak.Net.Dns.Test" type="Ak.Net.Dns.Test.DnsNameText" member="parse_throws_if_name_is_null" />
                      <codeLocation path="d:\andyk\documents\visual-studio\Projects\Ak.Net.Dns\Ak.Net.Dns.Test\DnsNameText.cs" line="74" />
                      <metadata>
                        <entry key="TestKind">
                          <value>Test</value>
                        </entry>
                        <entry key="ExpectedException">
                          <value>System.ArgumentNullException</value>
                        </entry>
                      </metadata>
                      <children />
                      <parameters />
                    </test>
                    <test id="63fabbdaedf36ae6" name="append_throws_if_name_is_absolute" fullName="MbUnit v3.0.5.546/Ak.Net.Dns.Test/DnsNameText/append_throws_if_name_is_absolute" isTestCase="true">
                      <codeReference assembly="Ak.Net.Dns.Test, Version=1.0.0.0, Culture=neutral, PublicKeyToken=null" namespace="Ak.Net.Dns.Test" type="Ak.Net.Dns.Test.DnsNameText" member="append_throws_if_name_is_absolute" />
                      <codeLocation path="d:\andyk\documents\visual-studio\Projects\Ak.Net.Dns\Ak.Net.Dns.Test\DnsNameText.cs" line="170" />
                      <metadata>
                        <entry key="TestKind">
                          <value>Test</value>
                        </entry>
                        <entry key="ExpectedException">
                          <value>System.InvalidOperationException</value>
                        </entry>
                      </metadata>
                      <children />
                      <parameters />
                    </test>
                    <test id="2e6edb391a627a36" name="parse_parses_correctly_formatted_names" fullName="MbUnit v3.0.5.546/Ak.Net.Dns.Test/DnsNameText/parse_parses_correctly_formatted_names" isTestCase="true">
                      <codeReference assembly="Ak.Net.Dns.Test, Version=1.0.0.0, Culture=neutral, PublicKeyToken=null" namespace="Ak.Net.Dns.Test" type="Ak.Net.Dns.Test.DnsNameText" member="parse_parses_correctly_formatted_names" />
                      <codeLocation path="d:\andyk\documents\visual-studio\Projects\Ak.Net.Dns\Ak.Net.Dns.Test\DnsNameText.cs" line="97" />
                      <metadata>
                        <entry key="TestKind">
                          <value>Test</value>
                        </entry>
                      </metadata>
                      <children />
                      <parameters />
                    </test>
                    <test id="acbf63857b51d5cc" name="try_parse_identifies_incorrectly_formatted_names" fullName="MbUnit v3.0.5.546/Ak.Net.Dns.Test/DnsNameText/try_parse_identifies_incorrectly_formatted_names" isTestCase="true">
                      <codeReference assembly="Ak.Net.Dns.Test, Version=1.0.0.0, Culture=neutral, PublicKeyToken=null" namespace="Ak.Net.Dns.Test" type="Ak.Net.Dns.Test.DnsNameText" member="try_parse_identifies_incorrectly_formatted_names" />
                      <codeLocation path="d:\andyk\documents\visual-studio\Projects\Ak.Net.Dns\Ak.Net.Dns.Test\DnsNameText.cs" line="111" />
                      <metadata>
                        <entry key="TestKind">
                          <value>Test</value>
                        </entry>
                      </metadata>
                      <children />
                      <parameters />
                    </test>
                    <test id="8433b12d712f5b02" name="parse_throws_if_name_is_empty" fullName="MbUnit v3.0.5.546/Ak.Net.Dns.Test/DnsNameText/parse_throws_if_name_is_empty" isTestCase="true">
                      <codeReference assembly="Ak.Net.Dns.Test, Version=1.0.0.0, Culture=neutral, PublicKeyToken=null" namespace="Ak.Net.Dns.Test" type="Ak.Net.Dns.Test.DnsNameText" member="parse_throws_if_name_is_empty" />
                      <codeLocation path="d:\andyk\documents\visual-studio\Projects\Ak.Net.Dns\Ak.Net.Dns.Test\DnsNameText.cs" line="81" />
                      <metadata>
                        <entry key="TestKind">
                          <value>Test</value>
                        </entry>
                        <entry key="ExpectedException">
                          <value>System.ArgumentException</value>
                        </entry>
                      </metadata>
                      <children />
                      <parameters />
                    </test>
                    <test id="362a566c302d4811" name="parse_throws_if_name_is_incorrectly_formatted" fullName="MbUnit v3.0.5.546/Ak.Net.Dns.Test/DnsNameText/parse_throws_if_name_is_incorrectly_formatted" isTestCase="true">
                      <codeReference assembly="Ak.Net.Dns.Test, Version=1.0.0.0, Culture=neutral, PublicKeyToken=null" namespace="Ak.Net.Dns.Test" type="Ak.Net.Dns.Test.DnsNameText" member="parse_throws_if_name_is_incorrectly_formatted" />
                      <codeLocation path="d:\andyk\documents\visual-studio\Projects\Ak.Net.Dns\Ak.Net.Dns.Test\DnsNameText.cs" line="87" />
                      <metadata>
                        <entry key="TestKind">
                          <value>Test</value>
                        </entry>
                      </metadata>
                      <children />
                      <parameters />
                    </test>
                    <test id="88f2d2e27d22b9bb" name="try_parse_parses_correctly_formatted_names" fullName="MbUnit v3.0.5.546/Ak.Net.Dns.Test/DnsNameText/try_parse_parses_correctly_formatted_names" isTestCase="true">
                      <codeReference assembly="Ak.Net.Dns.Test, Version=1.0.0.0, Culture=neutral, PublicKeyToken=null" namespace="Ak.Net.Dns.Test" type="Ak.Net.Dns.Test.DnsNameText" member="try_parse_parses_correctly_formatted_names" />
                      <codeLocation path="d:\andyk\documents\visual-studio\Projects\Ak.Net.Dns\Ak.Net.Dns.Test\DnsNameText.cs" line="122" />
                      <metadata>
                        <entry key="TestKind">
                          <value>Test</value>
                        </entry>
                      </metadata>
                      <children />
                      <parameters />
                    </test>
                    <test id="8e2659248308f183" name="to_string_should_return_name" fullName="MbUnit v3.0.5.546/Ak.Net.Dns.Test/DnsNameText/to_string_should_return_name" isTestCase="true">
                      <codeReference assembly="Ak.Net.Dns.Test, Version=1.0.0.0, Culture=neutral, PublicKeyToken=null" namespace="Ak.Net.Dns.Test" type="Ak.Net.Dns.Test.DnsNameText" member="to_string_should_return_name" />
                      <codeLocation path="d:\andyk\documents\visual-studio\Projects\Ak.Net.Dns\Ak.Net.Dns.Test\DnsNameText.cs" line="152" />
                      <metadata>
                        <entry key="TestKind">
                          <value>Test</value>
                        </entry>
                      </metadata>
                      <children />
                      <parameters />
                    </test>
                    <test id="2fe0cb6f9257a50c" name="append_throws_if_name_is_null" fullName="MbUnit v3.0.5.546/Ak.Net.Dns.Test/DnsNameText/append_throws_if_name_is_null" isTestCase="true">
                      <codeReference assembly="Ak.Net.Dns.Test, Version=1.0.0.0, Culture=neutral, PublicKeyToken=null" namespace="Ak.Net.Dns.Test" type="Ak.Net.Dns.Test.DnsNameText" member="append_throws_if_name_is_null" />
                      <codeLocation path="d:\andyk\documents\visual-studio\Projects\Ak.Net.Dns\Ak.Net.Dns.Test\DnsNameText.cs" line="161" />
                      <metadata>
                        <entry key="TestKind">
                          <value>Test</value>
                        </entry>
                        <entry key="ExpectedException">
                          <value>System.ArgumentNullException</value>
                        </entry>
                      </metadata>
                      <children />
                      <parameters />
                    </test>
                    <test id="11ab03fed8f25c58" name="classify_kind_throws_if_name_is_null" fullName="MbUnit v3.0.5.546/Ak.Net.Dns.Test/DnsNameText/classify_kind_throws_if_name_is_null" isTestCase="true">
                      <codeReference assembly="Ak.Net.Dns.Test, Version=1.0.0.0, Culture=neutral, PublicKeyToken=null" namespace="Ak.Net.Dns.Test" type="Ak.Net.Dns.Test.DnsNameText" member="classify_kind_throws_if_name_is_null" />
                      <codeLocation path="d:\andyk\documents\visual-studio\Projects\Ak.Net.Dns\Ak.Net.Dns.Test\DnsNameText.cs" line="137" />
                      <metadata>
                        <entry key="TestKind">
                          <value>Test</value>
                        </entry>
                        <entry key="ExpectedException">
                          <value>System.ArgumentNullException</value>
                        </entry>
                      </metadata>
                      <children />
                      <parameters />
                    </test>
                    <test id="c73ed1eed913b3ff" name="classify_kind_returns_correct_kind" fullName="MbUnit v3.0.5.546/Ak.Net.Dns.Test/DnsNameText/classify_kind_returns_correct_kind" isTestCase="true">
                      <codeReference assembly="Ak.Net.Dns.Test, Version=1.0.0.0, Culture=neutral, PublicKeyToken=null" namespace="Ak.Net.Dns.Test" type="Ak.Net.Dns.Test.DnsNameText" member="classify_kind_returns_correct_kind" />
                      <codeLocation path="d:\andyk\documents\visual-studio\Projects\Ak.Net.Dns\Ak.Net.Dns.Test\DnsNameText.cs" line="143" />
                      <metadata>
                        <entry key="TestKind">
                          <value>Test</value>
                        </entry>
                      </metadata>
                      <children />
                      <parameters />
                    </test>
                    <test id="f810be631e5fe041" name="ComparisonContract" fullName="MbUnit v3.0.5.546/Ak.Net.Dns.Test/DnsNameText/ComparisonContract" isTestCase="false">
                      <codeReference />
                      <codeLocation />
                      <metadata>
                        <entry key="TestKind">
                          <value>Group</value>
                        </entry>
                      </metadata>
                      <children>
                        <test id="e44de4545fadd928" name="ComparableCompareTo" fullName="MbUnit v3.0.5.546/Ak.Net.Dns.Test/DnsNameText/ComparisonContract/ComparableCompareTo" isTestCase="true">
                          <codeReference />
                          <codeLocation />
                          <metadata>
                            <entry key="TestKind">
                              <value>Test</value>
                            </entry>
                          </metadata>
                          <children />
                          <parameters />
                        </test>
                      </children>
                      <parameters />
                    </test>
                    <test id="56ccd71a10142f5a" name="EqualityContract" fullName="MbUnit v3.0.5.546/Ak.Net.Dns.Test/DnsNameText/EqualityContract" isTestCase="false">
                      <codeReference />
                      <codeLocation />
                      <metadata>
                        <entry key="TestKind">
                          <value>Group</value>
                        </entry>
                      </metadata>
                      <children>
                        <test id="a3711b73849526d0" name="ObjectEquals" fullName="MbUnit v3.0.5.546/Ak.Net.Dns.Test/DnsNameText/EqualityContract/ObjectEquals" isTestCase="true">
                          <codeReference />
                          <codeLocation />
                          <metadata>
                            <entry key="TestKind">
                              <value>Test</value>
                            </entry>
                          </metadata>
                          <children />
                          <parameters />
                        </test>
                        <test id="d9bf5059d7198b01" name="ObjectGetHashCode" fullName="MbUnit v3.0.5.546/Ak.Net.Dns.Test/DnsNameText/EqualityContract/ObjectGetHashCode" isTestCase="true">
                          <codeReference />
                          <codeLocation />
                          <metadata>
                            <entry key="TestKind">
                              <value>Test</value>
                            </entry>
                          </metadata>
                          <children />
                          <parameters />
                        </test>
                        <test id="feefe716625e483d" name="EquatableEqual" fullName="MbUnit v3.0.5.546/Ak.Net.Dns.Test/DnsNameText/EqualityContract/EquatableEqual" isTestCase="true">
                          <codeReference />
                          <codeLocation />
                          <metadata>
                            <entry key="TestKind">
                              <value>Test</value>
                            </entry>
                          </metadata>
                          <children />
                          <parameters />
                        </test>
                      </children>
                      <parameters />
                    </test>
                  </children>
                  <parameters />
                </test>
              </children>
              <parameters />
            </test>
          </children>
          <parameters />
        </test>
      </children>
      <parameters />
    </test>
    <annotations />
  </testModel>
  <testPackageRun startTime="2008-12-13T17:18:44.8302+00:00" endTime="2008-12-13T17:18:50.9098+00:00">
    <testStepRun startTime="2008-12-13T17:18:44.8302+00:00" endTime="2008-12-13T17:18:50.797+00:00">
      <testStep id="f6a1b52e34b10ca4" name="Root" fullName="" testId="c2722843734a7a54" isPrimary="true" isTestCase="false" isDynamic="false">
        <codeReference />
        <codeLocation />
        <metadata>
          <entry key="TestKind">
            <value>Root</value>
          </entry>
        </metadata>
      </testStep>
      <children>
        <testStepRun startTime="2008-12-13T17:18:45.0642+00:00" endTime="2008-12-13T17:18:50.7002+00:00">
          <testStep id="debe66bd19b13854" name="MbUnit v3.0.5.546" fullName="MbUnit v3.0.5.546" testId="e9ba7b32f33cfad8" isPrimary="true" isTestCase="false" isDynamic="false">
            <codeReference />
            <codeLocation />
            <metadata>
              <entry key="TestKind">
                <value>Framework</value>
              </entry>
            </metadata>
          </testStep>
          <children>
            <testStepRun startTime="2008-12-13T17:18:45.111+00:00" endTime="2008-12-13T17:18:50.5854+00:00">
              <testStep id="bd848c26dbe27203" name="Ak.Net.Dns.Test" fullName="MbUnit v3.0.5.546/Ak.Net.Dns.Test" testId="3aa4d427857484c" isPrimary="true" isTestCase="false" isDynamic="false">
                <codeReference assembly="Ak.Net.Dns.Test, Version=1.0.0.0, Culture=neutral, PublicKeyToken=null" />
                <codeLocation path="D:\andyk\documents\visual-studio\Projects\Ak.Net.Dns\Ak.Net.Dns.Test\bin\Debug\Ak.Net.Dns.Test.DLL" />
                <metadata>
                  <entry key="TestKind">
                    <value>Assembly</value>
                  </entry>
                  <entry key="CodeBase">
                    <value>D:\andyk\documents\visual-studio\Projects\Ak.Net.Dns\Ak.Net.Dns.Test\bin\Debug\Ak.Net.Dns.Test.DLL</value>
                  </entry>
                  <entry key="Company">
                    <value>Andy Kernahan</value>
                  </entry>
                  <entry key="Copyright">
                    <value>Copyright © Andy Kernahan 2008</value>
                  </entry>
                  <entry key="Description">
                    <value>Unit Tests for Domain Name System Library for .NET 3.5</value>
                  </entry>
                  <entry key="FileVersion">
                    <value>1.0.0.0</value>
                  </entry>
                  <entry key="Product">
                    <value>Ak.Net.Dns.Test</value>
                  </entry>
                  <entry key="Title">
                    <value>Unit Tests for DNS for .NET 3.5</value>
                  </entry>
                  <entry key="Trademark">
                    <value>Andy Kernahan</value>
                  </entry>
                  <entry key="Version">
                    <value>1.0.0.0</value>
                  </entry>
                </metadata>
              </testStep>
              <children>
                <testStepRun startTime="2008-12-13T17:18:45.1266+00:00" endTime="2008-12-13T17:18:45.8592+00:00">
                  <testStep id="b0619dd0883599a3" name="DnsExceptionTest" fullName="MbUnit v3.0.5.546/Ak.Net.Dns.Test/DnsExceptionTest" testId="baeba53598a8bb1a" isPrimary="true" isTestCase="false" isDynamic="false">
                    <codeReference assembly="Ak.Net.Dns.Test, Version=1.0.0.0, Culture=neutral, PublicKeyToken=null" namespace="Ak.Net.Dns.Test" type="Ak.Net.Dns.Test.DnsExceptionTest" />
                    <codeLocation path="D:\andyk\documents\visual-studio\Projects\Ak.Net.Dns\Ak.Net.Dns.Test\bin\Debug\Ak.Net.Dns.Test.DLL" />
                    <metadata>
                      <entry key="TestKind">
                        <value>Fixture</value>
                      </entry>
                      <entry key="TestsOn">
                        <value>Ak.Net.Dns.DnsException, Ak.Net.Dns, Version=1.0.0.0, Culture=neutral, PublicKeyToken=05236629ed6a9b9e</value>
                      </entry>
                    </metadata>
                  </testStep>
                  <children>
                    <testStepRun startTime="2008-12-13T17:18:45.1422+00:00" endTime="2008-12-13T17:18:45.7972+00:00">
                      <testStep id="716cb00223c58123" name="ExceptionContract" fullName="MbUnit v3.0.5.546/Ak.Net.Dns.Test/DnsExceptionTest/ExceptionContract" testId="400e27dba3088f5" isPrimary="true" isTestCase="false" isDynamic="false">
                        <codeReference />
                        <codeLocation />
                        <metadata>
                          <entry key="TestKind">
                            <value>Group</value>
                          </entry>
                        </metadata>
                      </testStep>
                      <children>
                        <testStepRun startTime="2008-12-13T17:18:45.1578+00:00" endTime="2008-12-13T17:18:45.189+00:00">
                          <testStep id="40fe05d3e8779a24" name="HasSerializableAttribute" fullName="MbUnit v3.0.5.546/Ak.Net.Dns.Test/DnsExceptionTest/ExceptionContract/HasSerializableAttribute" testId="ca97e9ae59fd647a" isPrimary="true" isTestCase="true" isDynamic="false">
                            <codeReference />
                            <codeLocation />
                            <metadata>
                              <entry key="TestKind">
                                <value>Test</value>
                              </entry>
                            </metadata>
                          </testStep>
                          <children />
                          <result assertCount="1" duration="0.0311589">
                            <outcome status="passed" />
                          </result>
                          <testLog>
                            <streams />
                            <attachments />
                          </testLog>
                        </testStepRun>
                        <testStepRun startTime="2008-12-13T17:18:45.2514+00:00" endTime="2008-12-13T17:18:45.267+00:00">
                          <testStep id="d2bfb80f4cde9a70" name="HasSerializationConstructor" fullName="MbUnit v3.0.5.546/Ak.Net.Dns.Test/DnsExceptionTest/ExceptionContract/HasSerializationConstructor" testId="6451c5273fc3094f" isPrimary="true" isTestCase="true" isDynamic="false">
                            <codeReference />
                            <codeLocation />
                            <metadata>
                              <entry key="TestKind">
                                <value>Test</value>
                              </entry>
                            </metadata>
                          </testStep>
                          <children />
                          <result assertCount="1" duration="0.0157436">
                            <outcome status="passed" />
                          </result>
                          <testLog>
                            <streams />
                            <attachments />
                          </testLog>
                        </testStepRun>
                        <testStepRun startTime="2008-12-13T17:18:45.3138+00:00" endTime="2008-12-13T17:18:45.3294+00:00">
                          <testStep id="3a8902181b8be851" name="IsDefaultConstructorWellDefined" fullName="MbUnit v3.0.5.546/Ak.Net.Dns.Test/DnsExceptionTest/ExceptionContract/IsDefaultConstructorWellDefined" testId="ecd482b58078bb04" isPrimary="true" isTestCase="true" isDynamic="false">
                            <codeReference />
                            <codeLocation />
                            <metadata>
                              <entry key="TestKind">
                                <value>Test</value>
                              </entry>
                            </metadata>
                          </testStep>
                          <children />
                          <result assertCount="6" duration="0.023644099999999998">
                            <outcome status="passed" />
                          </result>
                          <testLog>
                            <streams />
                            <attachments />
                          </testLog>
                        </testStepRun>
                        <testStepRun startTime="2008-12-13T17:18:45.3918+00:00" endTime="2008-12-13T17:18:45.6514+00:00">
                          <testStep id="89210807fa93789" name="IsMessageAndInnerExceptionConstructorWellDefined" fullName="MbUnit v3.0.5.546/Ak.Net.Dns.Test/DnsExceptionTest/ExceptionContract/IsMessageAndInnerExceptionConstructorWellDefined" testId="7a7cea80af7c2958" isPrimary="true" isTestCase="true" isDynamic="false">
                            <codeReference />
                            <codeLocation />
                            <metadata>
                              <entry key="TestKind">
                                <value>Test</value>
                              </entry>
                            </metadata>
                          </testStep>
                          <children />
                          <result assertCount="31" duration="0.2865424">
                            <outcome status="passed" />
                          </result>
                          <testLog>
                            <streams />
                            <attachments />
                          </testLog>
                        </testStepRun>
                        <testStepRun startTime="2008-12-13T17:18:45.7114+00:00" endTime="2008-12-13T17:18:45.7284+00:00">
                          <testStep id="34aed87a844b7b67" name="IsMessageConstructorWellDefined" fullName="MbUnit v3.0.5.546/Ak.Net.Dns.Test/DnsExceptionTest/ExceptionContract/IsMessageConstructorWellDefined" testId="bb2ad231888ba8e6" isPrimary="true" isTestCase="true" isDynamic="false">
                            <codeReference />
                            <codeLocation />
                            <metadata>
                              <entry key="TestKind">
                                <value>Test</value>
                              </entry>
                            </metadata>
                          </testStep>
                          <children />
                          <result assertCount="16" duration="0.0176442">
                            <outcome status="passed" />
                          </result>
                          <testLog>
                            <streams />
                            <attachments />
                          </testLog>
                        </testStepRun>
                      </children>
                      <result assertCount="55" duration="0.6754176">
                        <outcome status="passed" />
                      </result>
                      <testLog>
                        <streams />
                        <attachments />
                      </testLog>
                    </testStepRun>
                  </children>
                  <result assertCount="55" duration="0.7618555">
                    <outcome status="passed" />
                  </result>
                  <testLog>
                    <streams />
                    <attachments />
                  </testLog>
                </testStepRun>
                <testStepRun startTime="2008-12-13T17:18:45.925+00:00" endTime="2008-12-13T17:18:46.4894+00:00">
                  <testStep id="3492ba3a34d4d22f" name="DnsFormatExceptionTest" fullName="MbUnit v3.0.5.546/Ak.Net.Dns.Test/DnsFormatExceptionTest" testId="4a5ab2fa812d44e8" isPrimary="true" isTestCase="false" isDynamic="false">
                    <codeReference assembly="Ak.Net.Dns.Test, Version=1.0.0.0, Culture=neutral, PublicKeyToken=null" namespace="Ak.Net.Dns.Test" type="Ak.Net.Dns.Test.DnsFormatExceptionTest" />
                    <codeLocation path="D:\andyk\documents\visual-studio\Projects\Ak.Net.Dns\Ak.Net.Dns.Test\bin\Debug\Ak.Net.Dns.Test.DLL" />
                    <metadata>
                      <entry key="TestKind">
                        <value>Fixture</value>
                      </entry>
                      <entry key="TestsOn">
                        <value>Ak.Net.Dns.DnsFormatException, Ak.Net.Dns, Version=1.0.0.0, Culture=neutral, PublicKeyToken=05236629ed6a9b9e</value>
                      </entry>
                    </metadata>
                  </testStep>
                  <children>
                    <testStepRun startTime="2008-12-13T17:18:45.935+00:00" endTime="2008-12-13T17:18:46.4286+00:00">
                      <testStep id="795da9c8624b7d33" name="ExceptionContract" fullName="MbUnit v3.0.5.546/Ak.Net.Dns.Test/DnsFormatExceptionTest/ExceptionContract" testId="73ef6f04336945d9" isPrimary="true" isTestCase="false" isDynamic="false">
                        <codeReference />
                        <codeLocation />
                        <metadata>
                          <entry key="TestKind">
                            <value>Group</value>
                          </entry>
                        </metadata>
                      </testStep>
                      <children>
                        <testStepRun startTime="2008-12-13T17:18:45.954+00:00" endTime="2008-12-13T17:18:45.969+00:00">
                          <testStep id="7e2009f6f2cd18b" name="HasSerializableAttribute" fullName="MbUnit v3.0.5.546/Ak.Net.Dns.Test/DnsFormatExceptionTest/ExceptionContract/HasSerializableAttribute" testId="78e851641a6aaa65" isPrimary="true" isTestCase="true" isDynamic="false">
                            <codeReference />
                            <codeLocation />
                            <metadata>
                              <entry key="TestKind">
                                <value>Test</value>
                              </entry>
                            </metadata>
                          </testStep>
                          <children />
                          <result assertCount="1" duration="0.015585199999999999">
                            <outcome status="passed" />
                          </result>
                          <testLog>
                            <streams />
                            <attachments />
                          </testLog>
                        </testStepRun>
                        <testStepRun startTime="2008-12-13T17:18:46.0608+00:00" endTime="2008-12-13T17:18:46.0764+00:00">
                          <testStep id="9b768a491edec46e" name="HasSerializationConstructor" fullName="MbUnit v3.0.5.546/Ak.Net.Dns.Test/DnsFormatExceptionTest/ExceptionContract/HasSerializationConstructor" testId="bec75193a5676056" isPrimary="true" isTestCase="true" isDynamic="false">
                            <codeReference />
                            <codeLocation />
                            <metadata>
                              <entry key="TestKind">
                                <value>Test</value>
                              </entry>
                            </metadata>
                          </testStep>
                          <children />
                          <result assertCount="1" duration="0.0147464">
                            <outcome status="passed" />
                          </result>
                          <testLog>
                            <streams />
                            <attachments />
                          </testLog>
                        </testStepRun>
                        <testStepRun startTime="2008-12-13T17:18:46.1362+00:00" endTime="2008-12-13T17:18:46.1522+00:00">
                          <testStep id="98e570ebbfca3087" name="IsDefaultConstructorWellDefined" fullName="MbUnit v3.0.5.546/Ak.Net.Dns.Test/DnsFormatExceptionTest/ExceptionContract/IsDefaultConstructorWellDefined" testId="a4cfc3b7a5fd7784" isPrimary="true" isTestCase="true" isDynamic="false">
                            <codeReference />
                            <codeLocation />
                            <metadata>
                              <entry key="TestKind">
                                <value>Test</value>
                              </entry>
                            </metadata>
                          </testStep>
                          <children />
                          <result assertCount="6" duration="0.017223">
                            <outcome status="passed" />
                          </result>
                          <testLog>
                            <streams />
                            <attachments />
                          </testLog>
                        </testStepRun>
                        <testStepRun startTime="2008-12-13T17:18:46.2474+00:00" endTime="2008-12-13T17:18:46.263+00:00">
                          <testStep id="d2184a51cd64578e" name="IsMessageAndInnerExceptionConstructorWellDefined" fullName="MbUnit v3.0.5.546/Ak.Net.Dns.Test/DnsFormatExceptionTest/ExceptionContract/IsMessageAndInnerExceptionConstructorWellDefined" testId="c8bd5d493ee0d8b9" isPrimary="true" isTestCase="true" isDynamic="false">
                            <codeReference />
                            <codeLocation />
                            <metadata>
                              <entry key="TestKind">
                                <value>Test</value>
                              </entry>
                            </metadata>
                          </testStep>
                          <children />
                          <result assertCount="31" duration="0.0165623">
                            <outcome status="passed" />
                          </result>
                          <testLog>
                            <streams />
                            <attachments />
                          </testLog>
                        </testStepRun>
                        <testStepRun startTime="2008-12-13T17:18:46.3264+00:00" endTime="2008-12-13T17:18:46.3334+00:00">
                          <testStep id="c87e6307f17c358d" name="IsMessageConstructorWellDefined" fullName="MbUnit v3.0.5.546/Ak.Net.Dns.Test/DnsFormatExceptionTest/ExceptionContract/IsMessageConstructorWellDefined" testId="cf4b9ef4536fca5" isPrimary="true" isTestCase="true" isDynamic="false">
                            <codeReference />
                            <codeLocation />
                            <metadata>
                              <entry key="TestKind">
                                <value>Test</value>
                              </entry>
                            </metadata>
                          </testStep>
                          <children />
                          <result assertCount="16" duration="0.016873">
                            <outcome status="passed" />
                          </result>
                          <testLog>
                            <streams />
                            <attachments />
                          </testLog>
                        </testStepRun>
                      </children>
                      <result assertCount="55" duration="0.4775811">
                        <outcome status="passed" />
                      </result>
                      <testLog>
                        <streams />
                        <attachments />
                      </testLog>
                    </testStepRun>
                  </children>
                  <result assertCount="55" duration="0.5679369">
                    <outcome status="passed" />
                  </result>
                  <testLog>
                    <streams />
                    <attachments />
                  </testLog>
                </testStepRun>
                <testStepRun startTime="2008-12-13T17:18:46.5624+00:00" endTime="2008-12-13T17:18:48.9254+00:00">
                  <testStep id="4eb6f0c271b1e2c2" name="DnsNameText" fullName="MbUnit v3.0.5.546/Ak.Net.Dns.Test/DnsNameText" testId="f7c164e6bc63635f" isPrimary="true" isTestCase="false" isDynamic="false">
                    <codeReference assembly="Ak.Net.Dns.Test, Version=1.0.0.0, Culture=neutral, PublicKeyToken=null" namespace="Ak.Net.Dns.Test" type="Ak.Net.Dns.Test.DnsNameText" />
                    <codeLocation path="d:\andyk\documents\visual-studio\Projects\Ak.Net.Dns\Ak.Net.Dns.Test\DnsNameText.cs" />
                    <metadata>
                      <entry key="TestKind">
                        <value>Fixture</value>
                      </entry>
                      <entry key="TestsOn">
                        <value>Ak.Net.Dns.DnsName, Ak.Net.Dns, Version=1.0.0.0, Culture=neutral, PublicKeyToken=05236629ed6a9b9e</value>
                      </entry>
                    </metadata>
                  </testStep>
                  <children>
                    <testStepRun startTime="2008-12-13T17:18:46.5946+00:00" endTime="2008-12-13T17:18:46.6414+00:00">
                      <testStep id="db225a6f63dbf6e3" name="append_returns_a_new_instance_and_does_not_modify_this" fullName="MbUnit v3.0.5.546/Ak.Net.Dns.Test/DnsNameText/append_returns_a_new_instance_and_does_not_modify_this" testId="5bdf9f2d9c580409" isPrimary="true" isTestCase="true" isDynamic="false">
                        <codeReference assembly="Ak.Net.Dns.Test, Version=1.0.0.0, Culture=neutral, PublicKeyToken=null" namespace="Ak.Net.Dns.Test" type="Ak.Net.Dns.Test.DnsNameText" member="append_returns_a_new_instance_and_does_not_modify_this" />
                        <codeLocation path="d:\andyk\documents\visual-studio\Projects\Ak.Net.Dns\Ak.Net.Dns.Test\DnsNameText.cs" line="179" />
                        <metadata>
                          <entry key="TestKind">
                            <value>Test</value>
                          </entry>
                        </metadata>
                      </testStep>
                      <children />
                      <result assertCount="4" duration="0.044112599999999995">
                        <outcome status="passed" />
                      </result>
                      <testLog>
                        <streams />
                        <attachments />
                      </testLog>
                    </testStepRun>
                    <testStepRun startTime="2008-12-13T17:18:46.6906+00:00" endTime="2008-12-13T17:18:47.0278+00:00">
                      <testStep id="8a06820896ea2e97" name="append_returns_correctly_formatted_name" fullName="MbUnit v3.0.5.546/Ak.Net.Dns.Test/DnsNameText/append_returns_correctly_formatted_name" testId="e9e4df214857e19e" isPrimary="true" isTestCase="true" isDynamic="false">
                        <codeReference assembly="Ak.Net.Dns.Test, Version=1.0.0.0, Culture=neutral, PublicKeyToken=null" namespace="Ak.Net.Dns.Test" type="Ak.Net.Dns.Test.DnsNameText" member="append_returns_correctly_formatted_name" />
                        <codeLocation path="d:\andyk\documents\visual-studio\Projects\Ak.Net.Dns\Ak.Net.Dns.Test\DnsNameText.cs" line="195" />
                        <metadata>
                          <entry key="TestKind">
                            <value>Test</value>
                          </entry>
                        </metadata>
                      </testStep>
                      <children />
                      <result assertCount="4" duration="0.31611849999999997">
                        <outcome status="failed" />
                      </result>
                      <testLog>
                        <streams>
                          <stream name="Failures">
                            <body>
                              <contents>
                                <marker class="AssertionFailure">
                                  <contents>
                                    <section name="Expected elements to be equal but the expected sequence has more elements than the actual sequence.">
                                      <contents>
                                        <text><![CDATA[
]]></text>
                                        <marker class="Monospace">
                                          <contents>
                                            <marker class="Label">
                                              <contents>
                                                <text>Expected Sequence Count : </text>
                                              </contents>
                                              <attributes />
                                            </marker>
                                            <text><![CDATA[3
]]></text>
                                            <marker class="Label">
                                              <contents>
                                                <text>Actual Sequence Count : </text>
                                              </contents>
                                              <attributes />
                                            </marker>
                                            <text><![CDATA[1
]]></text>
                                            <marker class="Label">
                                              <contents>
                                                <text>Expected Sequence : </text>
                                              </contents>
                                              <attributes />
                                            </marker>
                                            <text>["test"</text>
                                            <marker class="DiffDeletion">
                                              <contents>
                                                <text>, "co", "uk"</text>
                                              </contents>
                                              <attributes />
                                            </marker>
                                            <text><![CDATA[]
]]></text>
                                            <marker class="Label">
                                              <contents>
                                                <text>Actual Sequence : </text>
                                              </contents>
                                              <attributes />
                                            </marker>
                                            <text><![CDATA[["test"]
]]></text>
                                          </contents>
                                          <attributes />
                                        </marker>
                                        <text><![CDATA[
]]></text>
                                        <marker class="StackTrace">
                                          <contents>
                                            <text>   at Ak.Net.Dns.Test.DnsNameText.append_returns_correctly_formatted_name() in </text>
                                            <marker class="CodeLocation">
                                              <contents>
                                                <text>d:\andyk\documents\visual-studio\Projects\Ak.Net.Dns\Ak.Net.Dns.Test\DnsNameText.cs:line 204</text>
                                              </contents>
                                              <attributes>
                                                <attribute name="line" value="204" />
                                                <attribute name="path" value="d:\andyk\documents\visual-studio\Projects\Ak.Net.Dns\Ak.Net.Dns.Test\DnsNameText.cs" />
                                              </attributes>
                                            </marker>
                                          </contents>
                                          <attributes />
                                        </marker>
                                        <text><![CDATA[
]]></text>
                                      </contents>
                                    </section>
                                  </contents>
                                  <attributes />
                                </marker>
                              </contents>
                            </body>
                          </stream>
                        </streams>
                        <attachments />
                      </testLog>
                    </testStepRun>
                    <testStepRun startTime="2008-12-13T17:18:47.0746+00:00" endTime="2008-12-13T17:18:47.1558+00:00">
                      <testStep id="d39e857b366d3238" name="append_throws_if_name_is_absolute" fullName="MbUnit v3.0.5.546/Ak.Net.Dns.Test/DnsNameText/append_throws_if_name_is_absolute" testId="63fabbdaedf36ae6" isPrimary="true" isTestCase="true" isDynamic="false">
                        <codeReference assembly="Ak.Net.Dns.Test, Version=1.0.0.0, Culture=neutral, PublicKeyToken=null" namespace="Ak.Net.Dns.Test" type="Ak.Net.Dns.Test.DnsNameText" member="append_throws_if_name_is_absolute" />
                        <codeLocation path="d:\andyk\documents\visual-studio\Projects\Ak.Net.Dns\Ak.Net.Dns.Test\DnsNameText.cs" line="170" />
                        <metadata>
                          <entry key="TestKind">
                            <value>Test</value>
                          </entry>
                          <entry key="ExpectedException">
                            <value>System.InvalidOperationException</value>
                          </entry>
                        </metadata>
                      </testStep>
                      <children />
                      <result assertCount="1" duration="0.10503019999999999">
                        <outcome status="passed" />
                      </result>
                      <testLog>
                        <streams />
                        <attachments />
                      </testLog>
                    </testStepRun>
                    <testStepRun startTime="2008-12-13T17:18:47.2562+00:00" endTime="2008-12-13T17:18:47.2718+00:00">
                      <testStep id="ccdc0be24554934e" name="append_throws_if_name_is_null" fullName="MbUnit v3.0.5.546/Ak.Net.Dns.Test/DnsNameText/append_throws_if_name_is_null" testId="2fe0cb6f9257a50c" isPrimary="true" isTestCase="true" isDynamic="false">
                        <codeReference assembly="Ak.Net.Dns.Test, Version=1.0.0.0, Culture=neutral, PublicKeyToken=null" namespace="Ak.Net.Dns.Test" type="Ak.Net.Dns.Test.DnsNameText" member="append_throws_if_name_is_null" />
                        <codeLocation path="d:\andyk\documents\visual-studio\Projects\Ak.Net.Dns\Ak.Net.Dns.Test\DnsNameText.cs" line="161" />
                        <metadata>
                          <entry key="TestKind">
                            <value>Test</value>
                          </entry>
                          <entry key="ExpectedException">
                            <value>System.ArgumentNullException</value>
                          </entry>
                        </metadata>
                      </testStep>
                      <children />
                      <result assertCount="0" duration="0.0272184">
                        <outcome status="passed" />
                      </result>
                      <testLog>
                        <streams />
                        <attachments />
                      </testLog>
                    </testStepRun>
                    <testStepRun startTime="2008-12-13T17:18:47.3316+00:00" endTime="2008-12-13T17:18:47.3506+00:00">
                      <testStep id="302ae54d74c10977" name="classify_kind_returns_correct_kind" fullName="MbUnit v3.0.5.546/Ak.Net.Dns.Test/DnsNameText/classify_kind_returns_correct_kind" testId="c73ed1eed913b3ff" isPrimary="true" isTestCase="true" isDynamic="false">
                        <codeReference assembly="Ak.Net.Dns.Test, Version=1.0.0.0, Culture=neutral, PublicKeyToken=null" namespace="Ak.Net.Dns.Test" type="Ak.Net.Dns.Test.DnsNameText" member="classify_kind_returns_correct_kind" />
                        <codeLocation path="d:\andyk\documents\visual-studio\Projects\Ak.Net.Dns\Ak.Net.Dns.Test\DnsNameText.cs" line="143" />
                        <metadata>
                          <entry key="TestKind">
                            <value>Test</value>
                          </entry>
                        </metadata>
                      </testStep>
                      <children />
                      <result assertCount="14" duration="0.0189117">
                        <outcome status="passed" />
                      </result>
                      <testLog>
                        <streams />
                        <attachments />
                      </testLog>
                    </testStepRun>
                    <testStepRun startTime="2008-12-13T17:18:47.453+00:00" endTime="2008-12-13T17:18:47.4686+00:00">
                      <testStep id="6dca8e1413a735ea" name="classify_kind_throws_if_name_is_null" fullName="MbUnit v3.0.5.546/Ak.Net.Dns.Test/DnsNameText/classify_kind_throws_if_name_is_null" testId="11ab03fed8f25c58" isPrimary="true" isTestCase="true" isDynamic="false">
                        <codeReference assembly="Ak.Net.Dns.Test, Version=1.0.0.0, Culture=neutral, PublicKeyToken=null" namespace="Ak.Net.Dns.Test" type="Ak.Net.Dns.Test.DnsNameText" member="classify_kind_throws_if_name_is_null" />
                        <codeLocation path="d:\andyk\documents\visual-studio\Projects\Ak.Net.Dns\Ak.Net.Dns.Test\DnsNameText.cs" line="137" />
                        <metadata>
                          <entry key="TestKind">
                            <value>Test</value>
                          </entry>
                          <entry key="ExpectedException">
                            <value>System.ArgumentNullException</value>
                          </entry>
                        </metadata>
                      </testStep>
                      <children />
                      <result assertCount="0" duration="0.0161994">
                        <outcome status="passed" />
                      </result>
                      <testLog>
                        <streams />
                        <attachments />
                      </testLog>
                    </testStepRun>
                    <testStepRun startTime="2008-12-13T17:18:47.5284+00:00" endTime="2008-12-13T17:18:47.6802+00:00">
                      <testStep id="af25c32c4e567016" name="ComparisonContract" fullName="MbUnit v3.0.5.546/Ak.Net.Dns.Test/DnsNameText/ComparisonContract" testId="f810be631e5fe041" isPrimary="true" isTestCase="false" isDynamic="false">
                        <codeReference />
                        <codeLocation />
                        <metadata>
                          <entry key="TestKind">
                            <value>Group</value>
                          </entry>
                        </metadata>
                      </testStep>
                      <children>
                        <testStepRun startTime="2008-12-13T17:18:47.5414+00:00" endTime="2008-12-13T17:18:47.5934+00:00">
                          <testStep id="74e2b8ade99019d2" name="ComparableCompareTo" fullName="MbUnit v3.0.5.546/Ak.Net.Dns.Test/DnsNameText/ComparisonContract/ComparableCompareTo" testId="e44de4545fadd928" isPrimary="true" isTestCase="true" isDynamic="false">
                            <codeReference />
                            <codeLocation />
                            <metadata>
                              <entry key="TestKind">
                                <value>Test</value>
                              </entry>
                            </metadata>
                          </testStep>
                          <children />
                          <result assertCount="354" duration="0.0529609">
                            <outcome status="passed" />
                          </result>
                          <testLog>
                            <streams />
                            <attachments />
                          </testLog>
                        </testStepRun>
                      </children>
                      <result assertCount="354" duration="0.1524856">
                        <outcome status="passed" />
                      </result>
                      <testLog>
                        <streams />
                        <attachments />
                      </testLog>
                    </testStepRun>
                    <testStepRun startTime="2008-12-13T17:18:47.7512+00:00" endTime="2008-12-13T17:18:48.2422+00:00">
                      <testStep id="24a539cb916268f" name="EqualityContract" fullName="MbUnit v3.0.5.546/Ak.Net.Dns.Test/DnsNameText/EqualityContract" testId="56ccd71a10142f5a" isPrimary="true" isTestCase="false" isDynamic="false">
                        <codeReference />
                        <codeLocation />
                        <metadata>
                          <entry key="TestKind">
                            <value>Group</value>
                          </entry>
                        </metadata>
                      </testStep>
                      <children>
                        <testStepRun startTime="2008-12-13T17:18:47.7854+00:00" endTime="2008-12-13T17:18:47.879+00:00">
                          <testStep id="ada3092b8ea349" name="EquatableEqual" fullName="MbUnit v3.0.5.546/Ak.Net.Dns.Test/DnsNameText/EqualityContract/EquatableEqual" testId="feefe716625e483d" isPrimary="true" isTestCase="true" isDynamic="false">
                            <codeReference />
                            <codeLocation />
                            <metadata>
                              <entry key="TestKind">
                                <value>Test</value>
                              </entry>
                            </metadata>
                          </testStep>
                          <children />
                          <result assertCount="2044" duration="0.0939834">
                            <outcome status="passed" />
                          </result>
                          <testLog>
                            <streams />
                            <attachments />
                          </testLog>
                        </testStepRun>
                        <testStepRun startTime="2008-12-13T17:18:47.9388+00:00" endTime="2008-12-13T17:18:48.045+00:00">
                          <testStep id="41fd8e148a526aa8" name="ObjectEquals" fullName="MbUnit v3.0.5.546/Ak.Net.Dns.Test/DnsNameText/EqualityContract/ObjectEquals" testId="a3711b73849526d0" isPrimary="true" isTestCase="true" isDynamic="false">
                            <codeReference />
                            <codeLocation />
                            <metadata>
                              <entry key="TestKind">
                                <value>Test</value>
                              </entry>
                            </metadata>
                          </testStep>
                          <children />
                          <result assertCount="2044" duration="0.0890868">
                            <outcome status="passed" />
                          </result>
                          <testLog>
                            <streams />
                            <attachments />
                          </testLog>
                        </testStepRun>
                        <testStepRun startTime="2008-12-13T17:18:48.1128+00:00" endTime="2008-12-13T17:18:48.1318+00:00">
                          <testStep id="4b2153b2496abf5c" name="ObjectGetHashCode" fullName="MbUnit v3.0.5.546/Ak.Net.Dns.Test/DnsNameText/EqualityContract/ObjectGetHashCode" testId="d9bf5059d7198b01" isPrimary="true" isTestCase="true" isDynamic="false">
                            <codeReference />
                            <codeLocation />
                            <metadata>
                              <entry key="TestKind">
                                <value>Test</value>
                              </entry>
                            </metadata>
                          </testStep>
                          <children />
                          <result assertCount="55" duration="0.0198744">
                            <outcome status="passed" />
                          </result>
                          <testLog>
                            <streams />
                            <attachments />
                          </testLog>
                        </testStepRun>
                      </children>
                      <result assertCount="4143" duration="0.4680896">
                        <outcome status="passed" />
                      </result>
                      <testLog>
                        <streams />
                        <attachments />
                      </testLog>
                    </testStepRun>
                    <testStepRun startTime="2008-12-13T17:18:48.305+00:00" endTime="2008-12-13T17:18:48.324+00:00">
                      <testStep id="4bddc9bdbb80146a" name="parse_parses_correctly_formatted_names" fullName="MbUnit v3.0.5.546/Ak.Net.Dns.Test/DnsNameText/parse_parses_correctly_formatted_names" testId="2e6edb391a627a36" isPrimary="true" isTestCase="true" isDynamic="false">
                        <codeReference assembly="Ak.Net.Dns.Test, Version=1.0.0.0, Culture=neutral, PublicKeyToken=null" namespace="Ak.Net.Dns.Test" type="Ak.Net.Dns.Test.DnsNameText" member="parse_parses_correctly_formatted_names" />
                        <codeLocation path="d:\andyk\documents\visual-studio\Projects\Ak.Net.Dns\Ak.Net.Dns.Test\DnsNameText.cs" line="97" />
                        <metadata>
                          <entry key="TestKind">
                            <value>Test</value>
                          </entry>
                        </metadata>
                      </testStep>
                      <children />
                      <result assertCount="52" duration="0.020233499999999998">
                        <outcome status="passed" />
                      </result>
                      <testLog>
                        <streams />
                        <attachments />
                      </testLog>
                    </testStepRun>
                    <testStepRun startTime="2008-12-13T17:18:48.4394+00:00" endTime="2008-12-13T17:18:48.455+00:00">
                      <testStep id="a0ca9d2a5a21bb54" name="parse_throws_if_name_is_empty" fullName="MbUnit v3.0.5.546/Ak.Net.Dns.Test/DnsNameText/parse_throws_if_name_is_empty" testId="8433b12d712f5b02" isPrimary="true" isTestCase="true" isDynamic="false">
                        <codeReference assembly="Ak.Net.Dns.Test, Version=1.0.0.0, Culture=neutral, PublicKeyToken=null" namespace="Ak.Net.Dns.Test" type="Ak.Net.Dns.Test.DnsNameText" member="parse_throws_if_name_is_empty" />
                        <codeLocation path="d:\andyk\documents\visual-studio\Projects\Ak.Net.Dns\Ak.Net.Dns.Test\DnsNameText.cs" line="81" />
                        <metadata>
                          <entry key="TestKind">
                            <value>Test</value>
                          </entry>
                          <entry key="ExpectedException">
                            <value>System.ArgumentException</value>
                          </entry>
                        </metadata>
                      </testStep>
                      <children />
                      <result assertCount="0" duration="0.019478799999999998">
                        <outcome status="passed" />
                      </result>
                      <testLog>
                        <streams />
                        <attachments />
                      </testLog>
                    </testStepRun>
                    <testStepRun startTime="2008-12-13T17:18:48.5184+00:00" endTime="2008-12-13T17:18:48.5364+00:00">
                      <testStep id="d3505891ef365d60" name="parse_throws_if_name_is_incorrectly_formatted" fullName="MbUnit v3.0.5.546/Ak.Net.Dns.Test/DnsNameText/parse_throws_if_name_is_incorrectly_formatted" testId="362a566c302d4811" isPrimary="true" isTestCase="true" isDynamic="false">
                        <codeReference assembly="Ak.Net.Dns.Test, Version=1.0.0.0, Culture=neutral, PublicKeyToken=null" namespace="Ak.Net.Dns.Test" type="Ak.Net.Dns.Test.DnsNameText" member="parse_throws_if_name_is_incorrectly_formatted" />
                        <codeLocation path="d:\andyk\documents\visual-studio\Projects\Ak.Net.Dns\Ak.Net.Dns.Test\DnsNameText.cs" line="87" />
                        <metadata>
                          <entry key="TestKind">
                            <value>Test</value>
                          </entry>
                        </metadata>
                      </testStep>
                      <children />
                      <result assertCount="11" duration="0.0205962">
                        <outcome status="passed" />
                      </result>
                      <testLog>
                        <streams />
                        <attachments />
                      </testLog>
                    </testStepRun>
                    <testStepRun startTime="2008-12-13T17:18:48.6518+00:00" endTime="2008-12-13T17:18:48.6674+00:00">
                      <testStep id="32715d61211b1a7" name="parse_throws_if_name_is_null" fullName="MbUnit v3.0.5.546/Ak.Net.Dns.Test/DnsNameText/parse_throws_if_name_is_null" testId="d5bdc651718cb257" isPrimary="true" isTestCase="true" isDynamic="false">
                        <codeReference assembly="Ak.Net.Dns.Test, Version=1.0.0.0, Culture=neutral, PublicKeyToken=null" namespace="Ak.Net.Dns.Test" type="Ak.Net.Dns.Test.DnsNameText" member="parse_throws_if_name_is_null" />
                        <codeLocation path="d:\andyk\documents\visual-studio\Projects\Ak.Net.Dns\Ak.Net.Dns.Test\DnsNameText.cs" line="74" />
                        <metadata>
                          <entry key="TestKind">
                            <value>Test</value>
                          </entry>
                          <entry key="ExpectedException">
                            <value>System.ArgumentNullException</value>
                          </entry>
                        </metadata>
                      </testStep>
                      <children />
                      <result assertCount="0" duration="0.0160429">
                        <outcome status="passed" />
                      </result>
                      <testLog>
                        <streams />
                        <attachments />
                      </testLog>
                    </testStepRun>
                    <testStepRun startTime="2008-12-13T17:18:48.7142+00:00" endTime="2008-12-13T17:18:48.7298+00:00">
                      <testStep id="79219680da306526" name="to_string_should_return_name" fullName="MbUnit v3.0.5.546/Ak.Net.Dns.Test/DnsNameText/to_string_should_return_name" testId="8e2659248308f183" isPrimary="true" isTestCase="true" isDynamic="false">
                        <codeReference assembly="Ak.Net.Dns.Test, Version=1.0.0.0, Culture=neutral, PublicKeyToken=null" namespace="Ak.Net.Dns.Test" type="Ak.Net.Dns.Test.DnsNameText" member="to_string_should_return_name" />
                        <codeLocation path="d:\andyk\documents\visual-studio\Projects\Ak.Net.Dns\Ak.Net.Dns.Test\DnsNameText.cs" line="152" />
                        <metadata>
                          <entry key="TestKind">
                            <value>Test</value>
                          </entry>
                        </metadata>
                      </testStep>
                      <children />
                      <result assertCount="1" duration="0.0167713">
                        <outcome status="passed" />
                      </result>
                      <testLog>
                        <streams />
                        <attachments />
                      </testLog>
                    </testStepRun>
                    <testStepRun startTime="2008-12-13T17:18:48.7766+00:00" endTime="2008-12-13T17:18:48.7922+00:00">
                      <testStep id="7be6905f520fc973" name="try_parse_identifies_incorrectly_formatted_names" fullName="MbUnit v3.0.5.546/Ak.Net.Dns.Test/DnsNameText/try_parse_identifies_incorrectly_formatted_names" testId="acbf63857b51d5cc" isPrimary="true" isTestCase="true" isDynamic="false">
                        <codeReference assembly="Ak.Net.Dns.Test, Version=1.0.0.0, Culture=neutral, PublicKeyToken=null" namespace="Ak.Net.Dns.Test" type="Ak.Net.Dns.Test.DnsNameText" member="try_parse_identifies_incorrectly_formatted_names" />
                        <codeLocation path="d:\andyk\documents\visual-studio\Projects\Ak.Net.Dns\Ak.Net.Dns.Test\DnsNameText.cs" line="111" />
                        <metadata>
                          <entry key="TestKind">
                            <value>Test</value>
                          </entry>
                        </metadata>
                      </testStep>
                      <children />
                      <result assertCount="22" duration="0.0178124">
                        <outcome status="passed" />
                      </result>
                      <testLog>
                        <streams />
                        <attachments />
                      </testLog>
                    </testStepRun>
                    <testStepRun startTime="2008-12-13T17:18:48.839+00:00" endTime="2008-12-13T17:18:48.8546+00:00">
                      <testStep id="3cdeaa13d52f511b" name="try_parse_parses_correctly_formatted_names" fullName="MbUnit v3.0.5.546/Ak.Net.Dns.Test/DnsNameText/try_parse_parses_correctly_formatted_names" testId="88f2d2e27d22b9bb" isPrimary="true" isTestCase="true" isDynamic="false">
                        <codeReference assembly="Ak.Net.Dns.Test, Version=1.0.0.0, Culture=neutral, PublicKeyToken=null" namespace="Ak.Net.Dns.Test" type="Ak.Net.Dns.Test.DnsNameText" member="try_parse_parses_correctly_formatted_names" />
                        <codeLocation path="d:\andyk\documents\visual-studio\Projects\Ak.Net.Dns\Ak.Net.Dns.Test\DnsNameText.cs" line="122" />
                        <metadata>
                          <entry key="TestKind">
                            <value>Test</value>
                          </entry>
                        </metadata>
                      </testStep>
                      <children />
                      <result assertCount="65" duration="0.0198939">
                        <outcome status="passed" />
                      </result>
                      <testLog>
                        <streams />
                        <attachments />
                      </testLog>
                    </testStepRun>
                  </children>
                  <result assertCount="4671" duration="2.3643026">
                    <outcome status="failed" />
                  </result>
                  <testLog>
                    <streams />
                    <attachments />
                  </testLog>
                </testStepRun>
                <testStepRun startTime="2008-12-13T17:18:49.0358+00:00" endTime="2008-12-13T17:18:49.6742+00:00">
                  <testStep id="339bd71cdb3ae3c2" name="DnsResolutionExceptionTest" fullName="MbUnit v3.0.5.546/Ak.Net.Dns.Test/DnsResolutionExceptionTest" testId="c946d49a940c2ad9" isPrimary="true" isTestCase="false" isDynamic="false">
                    <codeReference assembly="Ak.Net.Dns.Test, Version=1.0.0.0, Culture=neutral, PublicKeyToken=null" namespace="Ak.Net.Dns.Test" type="Ak.Net.Dns.Test.DnsResolutionExceptionTest" />
                    <codeLocation path="D:\andyk\documents\visual-studio\Projects\Ak.Net.Dns\Ak.Net.Dns.Test\bin\Debug\Ak.Net.Dns.Test.DLL" />
                    <metadata>
                      <entry key="TestKind">
                        <value>Fixture</value>
                      </entry>
                      <entry key="TestsOn">
                        <value>Ak.Net.Dns.DnsResolutionException, Ak.Net.Dns, Version=1.0.0.0, Culture=neutral, PublicKeyToken=05236629ed6a9b9e</value>
                      </entry>
                    </metadata>
                  </testStep>
                  <children>
                    <testStepRun startTime="2008-12-13T17:18:49.0514+00:00" endTime="2008-12-13T17:18:49.581+00:00">
                      <testStep id="66f9e585ac6d549" name="ExceptionContract" fullName="MbUnit v3.0.5.546/Ak.Net.Dns.Test/DnsResolutionExceptionTest/ExceptionContract" testId="1e331fc307ad9b63" isPrimary="true" isTestCase="false" isDynamic="false">
                        <codeReference />
                        <codeLocation />
                        <metadata>
                          <entry key="TestKind">
                            <value>Group</value>
                          </entry>
                        </metadata>
                      </testStep>
                      <children>
                        <testStepRun startTime="2008-12-13T17:18:49.067+00:00" endTime="2008-12-13T17:18:49.0826+00:00">
                          <testStep id="61e63e60e7c2a42e" name="HasSerializableAttribute" fullName="MbUnit v3.0.5.546/Ak.Net.Dns.Test/DnsResolutionExceptionTest/ExceptionContract/HasSerializableAttribute" testId="5857d85b09374363" isPrimary="true" isTestCase="true" isDynamic="false">
                            <codeReference />
                            <codeLocation />
                            <metadata>
                              <entry key="TestKind">
                                <value>Test</value>
                              </entry>
                            </metadata>
                          </testStep>
                          <children />
                          <result assertCount="1" duration="0.0154939">
                            <outcome status="passed" />
                          </result>
                          <testLog>
                            <streams />
                            <attachments />
                          </testLog>
                        </testStepRun>
                        <testStepRun startTime="2008-12-13T17:18:49.1468+00:00" endTime="2008-12-13T17:18:49.1608+00:00">
                          <testStep id="8ba9667217a1b8a6" name="HasSerializationConstructor" fullName="MbUnit v3.0.5.546/Ak.Net.Dns.Test/DnsResolutionExceptionTest/ExceptionContract/HasSerializationConstructor" testId="eaa743b6b98162eb" isPrimary="true" isTestCase="true" isDynamic="false">
                            <codeReference />
                            <codeLocation />
                            <metadata>
                              <entry key="TestKind">
                                <value>Test</value>
                              </entry>
                            </metadata>
                          </testStep>
                          <children />
                          <result assertCount="1" duration="0.0159156">
                            <outcome status="passed" />
                          </result>
                          <testLog>
                            <streams />
                            <attachments />
                          </testLog>
                        </testStepRun>
                        <testStepRun startTime="2008-12-13T17:18:49.2802+00:00" endTime="2008-12-13T17:18:49.2958+00:00">
                          <testStep id="f5f0632b28fd6a86" name="IsDefaultConstructorWellDefined" fullName="MbUnit v3.0.5.546/Ak.Net.Dns.Test/DnsResolutionExceptionTest/ExceptionContract/IsDefaultConstructorWellDefined" testId="d3968ce6e017045" isPrimary="true" isTestCase="true" isDynamic="false">
                            <codeReference />
                            <codeLocation />
                            <metadata>
                              <entry key="TestKind">
                                <value>Test</value>
                              </entry>
                            </metadata>
                          </testStep>
                          <children />
                          <result assertCount="6" duration="0.018903">
                            <outcome status="passed" />
                          </result>
                          <testLog>
                            <streams />
                            <attachments />
                          </testLog>
                        </testStepRun>
                        <testStepRun startTime="2008-12-13T17:18:49.3536+00:00" endTime="2008-12-13T17:18:49.3716+00:00">
                          <testStep id="a4dc3b393f85aefb" name="IsMessageAndInnerExceptionConstructorWellDefined" fullName="MbUnit v3.0.5.546/Ak.Net.Dns.Test/DnsResolutionExceptionTest/ExceptionContract/IsMessageAndInnerExceptionConstructorWellDefined" testId="d01e849970fbacb3" isPrimary="true" isTestCase="true" isDynamic="false">
                            <codeReference />
                            <codeLocation />
                            <metadata>
                              <entry key="TestKind">
                                <value>Test</value>
                              </entry>
                            </metadata>
                          </testStep>
                          <children />
                          <result assertCount="31" duration="0.0219252">
                            <outcome status="passed" />
                          </result>
                          <testLog>
                            <streams />
                            <attachments />
                          </testLog>
                        </testStepRun>
                        <testStepRun startTime="2008-12-13T17:18:49.4926+00:00" endTime="2008-12-13T17:18:49.5082+00:00">
                          <testStep id="38b0059cad4db093" name="IsMessageConstructorWellDefined" fullName="MbUnit v3.0.5.546/Ak.Net.Dns.Test/DnsResolutionExceptionTest/ExceptionContract/IsMessageConstructorWellDefined" testId="232a6f699564d021" isPrimary="true" isTestCase="true" isDynamic="false">
                            <codeReference />
                            <codeLocation />
                            <metadata>
                              <entry key="TestKind">
                                <value>Test</value>
                              </entry>
                            </metadata>
                          </testStep>
                          <children />
                          <result assertCount="16" duration="0.0155733">
                            <outcome status="passed" />
                          </result>
                          <testLog>
                            <streams />
                            <attachments />
                          </testLog>
                        </testStepRun>
                      </children>
                      <result assertCount="55" duration="0.5525661">
                        <outcome status="passed" />
                      </result>
                      <testLog>
                        <streams />
                        <attachments />
                      </testLog>
                    </testStepRun>
                  </children>
                  <result assertCount="55" duration="0.6394676">
                    <outcome status="passed" />
                  </result>
                  <testLog>
                    <streams />
                    <attachments />
                  </testLog>
                </testStepRun>
                <testStepRun startTime="2008-12-13T17:18:49.763+00:00" endTime="2008-12-13T17:18:50.4878+00:00">
                  <testStep id="be4470aa1ced123e" name="DnsTransportExceptionTest" fullName="MbUnit v3.0.5.546/Ak.Net.Dns.Test/DnsTransportExceptionTest" testId="c09a9da6937be05f" isPrimary="true" isTestCase="false" isDynamic="false">
                    <codeReference assembly="Ak.Net.Dns.Test, Version=1.0.0.0, Culture=neutral, PublicKeyToken=null" namespace="Ak.Net.Dns.Test" type="Ak.Net.Dns.Test.DnsTransportExceptionTest" />
                    <codeLocation path="D:\andyk\documents\visual-studio\Projects\Ak.Net.Dns\Ak.Net.Dns.Test\bin\Debug\Ak.Net.Dns.Test.DLL" />
                    <metadata>
                      <entry key="TestKind">
                        <value>Fixture</value>
                      </entry>
                      <entry key="TestsOn">
                        <value>Ak.Net.Dns.DnsTransportException, Ak.Net.Dns, Version=1.0.0.0, Culture=neutral, PublicKeyToken=05236629ed6a9b9e</value>
                      </entry>
                    </metadata>
                  </testStep>
                  <children>
                    <testStepRun startTime="2008-12-13T17:18:49.774+00:00" endTime="2008-12-13T17:18:50.3694+00:00">
                      <testStep id="87f51d9a5713b087" name="ExceptionContract" fullName="MbUnit v3.0.5.546/Ak.Net.Dns.Test/DnsTransportExceptionTest/ExceptionContract" testId="439c4513721f46a2" isPrimary="true" isTestCase="false" isDynamic="false">
                        <codeReference />
                        <codeLocation />
                        <metadata>
                          <entry key="TestKind">
                            <value>Group</value>
                          </entry>
                        </metadata>
                      </testStep>
                      <children>
                        <testStepRun startTime="2008-12-13T17:18:49.785+00:00" endTime="2008-12-13T17:18:49.801+00:00">
                          <testStep id="340613f3445b9e6c" name="HasSerializableAttribute" fullName="MbUnit v3.0.5.546/Ak.Net.Dns.Test/DnsTransportExceptionTest/ExceptionContract/HasSerializableAttribute" testId="1260d689b625479" isPrimary="true" isTestCase="true" isDynamic="false">
                            <codeReference />
                            <codeLocation />
                            <metadata>
                              <entry key="TestKind">
                                <value>Test</value>
                              </entry>
                            </metadata>
                          </testStep>
                          <children />
                          <result assertCount="1" duration="0.016891">
                            <outcome status="passed" />
                          </result>
                          <testLog>
                            <streams />
                            <attachments />
                          </testLog>
                        </testStepRun>
                        <testStepRun startTime="2008-12-13T17:18:49.888+00:00" endTime="2008-12-13T17:18:49.9+00:00">
                          <testStep id="e018db5c475782a7" name="HasSerializationConstructor" fullName="MbUnit v3.0.5.546/Ak.Net.Dns.Test/DnsTransportExceptionTest/ExceptionContract/HasSerializationConstructor" testId="bf02b337124b9641" isPrimary="true" isTestCase="true" isDynamic="false">
                            <codeReference />
                            <codeLocation />
                            <metadata>
                              <entry key="TestKind">
                                <value>Test</value>
                              </entry>
                            </metadata>
                          </testStep>
                          <children />
                          <result assertCount="1" duration="0.0162456">
                            <outcome status="passed" />
                          </result>
                          <testLog>
                            <streams />
                            <attachments />
                          </testLog>
                        </testStepRun>
                        <testStepRun startTime="2008-12-13T17:18:50.0218+00:00" endTime="2008-12-13T17:18:50.0374+00:00">
                          <testStep id="7278451adaeafea8" name="IsDefaultConstructorWellDefined" fullName="MbUnit v3.0.5.546/Ak.Net.Dns.Test/DnsTransportExceptionTest/ExceptionContract/IsDefaultConstructorWellDefined" testId="56bb379adbc08141" isPrimary="true" isTestCase="true" isDynamic="false">
                            <codeReference />
                            <codeLocation />
                            <metadata>
                              <entry key="TestKind">
                                <value>Test</value>
                              </entry>
                            </metadata>
                          </testStep>
                          <children />
                          <result assertCount="6" duration="0.0169875">
                            <outcome status="passed" />
                          </result>
                          <testLog>
                            <streams />
                            <attachments />
                          </testLog>
                        </testStepRun>
                        <testStepRun startTime="2008-12-13T17:18:50.1192+00:00" endTime="2008-12-13T17:18:50.1372+00:00">
                          <testStep id="c856763036be1960" name="IsMessageAndInnerExceptionConstructorWellDefined" fullName="MbUnit v3.0.5.546/Ak.Net.Dns.Test/DnsTransportExceptionTest/ExceptionContract/IsMessageAndInnerExceptionConstructorWellDefined" testId="a34aa0acf911b510" isPrimary="true" isTestCase="true" isDynamic="false">
                            <codeReference />
                            <codeLocation />
                            <metadata>
                              <entry key="TestKind">
                                <value>Test</value>
                              </entry>
                            </metadata>
                          </testStep>
                          <children />
                          <result assertCount="31" duration="0.0184712">
                            <outcome status="passed" />
                          </result>
                          <testLog>
                            <streams />
                            <attachments />
                          </testLog>
                        </testStepRun>
                        <testStepRun startTime="2008-12-13T17:18:50.2472+00:00" endTime="2008-12-13T17:18:50.2642+00:00">
                          <testStep id="910653323e647d8a" name="IsMessageConstructorWellDefined" fullName="MbUnit v3.0.5.546/Ak.Net.Dns.Test/DnsTransportExceptionTest/ExceptionContract/IsMessageConstructorWellDefined" testId="fcdf799f6864b4e0" isPrimary="true" isTestCase="true" isDynamic="false">
                            <codeReference />
                            <codeLocation />
                            <metadata>
                              <entry key="TestKind">
                                <value>Test</value>
                              </entry>
                            </metadata>
                          </testStep>
                          <children />
                          <result assertCount="16" duration="0.0181936">
                            <outcome status="passed" />
                          </result>
                          <testLog>
                            <streams />
                            <attachments />
                          </testLog>
                        </testStepRun>
                      </children>
                      <result assertCount="55" duration="0.5941695">
                        <outcome status="passed" />
                      </result>
                      <testLog>
                        <streams />
                        <attachments />
                      </testLog>
                    </testStepRun>
                  </children>
                  <result assertCount="55" duration="0.71181339999999993">
                    <outcome status="passed" />
                  </result>
                  <testLog>
                    <streams />
                    <attachments />
                  </testLog>
                </testStepRun>
              </children>
              <result assertCount="4891" duration="5.4990666">
                <outcome status="failed" />
              </result>
              <testLog>
                <streams />
                <attachments />
              </testLog>
            </testStepRun>
          </children>
          <result assertCount="4891" duration="5.6374445">
            <outcome status="failed" />
          </result>
          <testLog>
            <streams />
            <attachments />
          </testLog>
        </testStepRun>
      </children>
      <result assertCount="4891" duration="5.9870038999999995">
        <outcome status="failed" />
      </result>
      <testLog>
        <streams />
        <attachments />
      </testLog>
    </testStepRun>
    <statistics assertCount="4891" duration="6.0796746" runCount="37" passedCount="36" failedCount="1" inconclusiveCount="0" skippedCount="0" testCount="37" stepCount="51">
      <outcomeSummaries>
        <outcomeSummary count="36">
          <outcome status="passed" />
        </outcomeSummary>
        <outcomeSummary count="1">
          <outcome status="failed" />
        </outcomeSummary>
      </outcomeSummaries>
    </statistics>
  </testPackageRun>
</report>